 
                                                                                                                                                                                                                                                                
 
 
Fit Statistics

Target=mpg Target Label=' '

   Fit
Statistics    Statistics Label                    Train    Validation

 _AIC_        Akaike's Information Criterion     702.66         .    
 _ASE_        Average Squared Error                8.89        8.454 
 _AVERR_      Average Error Function               8.89        8.454 
 _DFE_        Degrees of Freedom for Error       314.00         .    
 _DFM_        Model Degrees of Freedom             4.00         .    
 _DFT_        Total Degrees of Freedom           318.00         .    
 _DIV_        Divisor for ASE                    318.00       80.000 
 _ERR_        Error Function                    2825.69      676.324 
 _FPE_        Final Prediction Error               9.11         .    
 _MAX_        Maximum Absolute Error              12.86       12.341 
 _MSE_        Mean Square Error                    9.00        8.454 
 _NOBS_       Sum of Frequencies                 318.00       80.000 
 _NW_         Number of Estimate Weights           4.00         .    
 _RASE_       Root Average Sum of Squares          2.98        2.908 
 _RFPE_       Root Final Prediction Error          3.02         .    
 _RMSE_       Root Mean Squared Error              3.00        2.908 
 _SBC_        Schwarz's Bayesian Criterion       717.71         .    
 _SSE_        Sum of Squared Errors             2825.69      676.324 
 _SUMW_       Sum of Case Weights Times Freq     318.00       80.000 
 
                                                                                                                                                                                                                                                                
 
 
Assessment Score Rankings

Data Role=TRAIN Target Variable=mpg Target Label=' '

           Number of       Mean        Mean
Depth    Observations     Target    Predicted

   5          16         35.7875     37.5694 
  10          16         36.2188     34.5527 
  15          16         34.8313     32.9199 
  20          16         31.1188     30.9330 
  25          16         29.6813     29.2344 
  30          16         27.1188     28.2215 
  35          16         27.5875     26.9323 
  40          16         24.8625     25.6881 
  45          16         24.4500     24.7498 
  50          15         24.0200     24.0208 
  55          16         23.1875     22.9828 
  60          16         21.4250     21.7178 
  65          16         20.3188     20.5830 
  70          16         18.9938     19.6772 
  75          16         17.5375     18.2826 
  80          16         15.9063     16.8778 
  85          16         15.7438     15.7780 
  90          16         14.9375     14.4556 
  95          16         13.5625     12.9363 
 100          15         12.5333     11.6543 


Data Role=VALIDATE Target Variable=mpg Target Label=' '

           Number of      Mean        Mean
Depth    Observations    Target    Predicted

   5           4         39.425     37.5223 
  10           4         35.650     34.5218 
  15           4         30.200     32.3836 
  20           4         30.600     31.3853 
  25           4         33.850     30.8791 
  30           4         27.250     29.7330 
  35           4         24.975     27.3159 
  40           4         27.700     25.5971 
  45           4         23.275     24.6494 
  50           4         22.100     23.2413 
  55           4         22.650     22.3004 
  60           4         21.500     21.4042 
  65           4         18.150     20.7306 
  70           4         19.600     19.8276 
  75           4         19.750     18.9485 
  80           4         17.125     17.1176 
  85           4         15.625     15.6043 
  90           4         14.375     14.3445 
  95           4         14.750     13.0973 
 100           4         11.000     10.9074 
 
                                                                                                                                                                                                                                                                
 
 
Assessment Score Distribution

Data Role=TRAIN Target Variable=mpg Target Label=' '

   Range for          Mean        Mean        Number of      Model
   Predicted         Target    Predicted    Observations     Score

39.594 -  41.161    37.1000     41.0982           2         40.3778
38.027 -  39.594    35.4750     38.1652           4         38.8107
36.460 -  38.027    35.1800     37.2806           5         37.2437
34.893 -  36.460    35.5000     35.6069          11         35.6767
33.326 -  34.893    36.1846     33.9651          13         34.1097
31.759 -  33.326    35.0313     32.6249          16         32.5427
30.192 -  31.759    30.2300     30.8779          10         30.9757
28.625 -  30.192    29.5500     29.3472          20         29.4087
27.058 -  28.625    27.1364     27.9146          22         27.8416
25.491 -  27.058    26.0684     26.2563          19         26.2746
23.924 -  25.491    24.9273     24.6396          33         24.7076
22.357 -  23.924    22.9316     23.1700          19         23.1406
20.790 -  22.357    21.0429     21.6102          21         21.5736
19.223 -  20.790    19.7185     20.0363          27         20.0066
17.656 -  19.223    17.7875     18.3835          16         18.4396
16.089 -  17.656    15.8333     16.7851          21         16.8725
14.522 -  16.089    15.5700     15.2986          20         15.3055
12.955 -  14.522    14.0333     13.7601          15         13.7385
11.388 -  12.955    13.0000     12.2982          20         12.1715
9.821 -  11.388     12.5000     10.5784           4         10.6045


Data Role=VALIDATE Target Variable=mpg Target Label=' '

   Range for          Mean        Mean        Number of      Model
   Predicted         Target    Predicted    Observations     Score

37.176 -  38.570    39.8667     38.1090           3         37.8730
34.389 -  35.783    38.0000     35.5803           3         35.0862
32.996 -  34.389    33.1667     33.4320           3         33.6928
31.603 -  32.996    29.5000     32.3746           2         32.2994
30.209 -  31.603    31.4800     31.0883          10         30.9060
28.816 -  30.209    27.5000     29.9551           2         29.5126
27.422 -  28.816    25.5000     28.5319           2         28.1192
26.029 -  27.422    24.9667     26.9983           3         26.7258
24.636 -  26.029    27.1833     25.3800           6         25.3324
23.242 -  24.636    21.7000     24.0097           4         23.9390
21.849 -  23.242    22.4286     22.3857           7         22.5456
20.455 -  21.849    19.2286     20.9533           7         21.1522
19.062 -  20.455    19.5667     19.6393           6         19.7587
17.669 -  19.062    19.5000     18.4284           3         18.3653
16.275 -  17.669    17.0000     17.0946           2         16.9719
14.882 -  16.275    15.6667     15.6007           6         15.5785
13.488 -  14.882    14.5000     14.0071           4         14.1851
12.095 -  13.488    14.3333     12.9388           3         12.7917
10.702 -  12.095    11.0000     10.9074           4         11.3983
