MPRINT(EM_DIAGRAM):    data _null_;
MPRINT(EM_DIAGRAM):   call symput('NLDATE', strip(put(date(), NLDATE.)));
MPRINT(EM_DIAGRAM):   call symput('NLTIME', strip(put(datetime(), NLTIME.)));
MPRINT(EM_DIAGRAM):   run;
MPRINT(EM_DIAGRAM):   data _null_;
MPRINT(EM_DIAGRAM):   nldate= sasmsg("sashelp.dmine", "log_date_note", 'N', "August 11, 2022" );
MPRINT(EM_DIAGRAM):   nltime= sasmsg("sashelp.dmine", "log_time_note", 'N', "16:54:49" );
MPRINT(EM_DIAGRAM):   put "*------------------------------------------------------------*";
MPRINT(EM_DIAGRAM):   put "* Training Log";
MPRINT(EM_DIAGRAM):   put nldate;
MPRINT(EM_DIAGRAM):   put nltime;
MPRINT(EM_DIAGRAM):   put "*------------------------------------------------------------*";
MPRINT(EM_DIAGRAM):   run;
*------------------------------------------------------------*
* Training Log
Date:                August 11, 2022
Time:                16:54:49
*------------------------------------------------------------*
MPRINT(EM_DIAGRAM):    filename O14YUL7C "C:\Users\AutoLogon\Desktop\Roshan Seneca\SEM 2\ROSHAN SEM 2\BAN 210\Final Project\Final Project-Roshan Nair\Workspaces\EMWS2\Reg\EMTRAIN.out" encoding="UTF-8" NOBOM;
MPRINT(EM_DIAGRAM):   proc printto print=O14YUL7C new;
MPRINT(EM_DIAGRAM):   run;
MPRINT(EM_DIAGRAM):    filename _LOG "C:\Users\AutoLogon\Desktop\Roshan Seneca\SEM 2\ROSHAN SEM 2\BAN 210\Final Project\Final Project-Roshan Nair\Workspaces\EMWS2\Reg\EMLOG.log" encoding="UTF-8" NOBOM;
MPRINT(EM_DIAGRAM):    data _null_;
MPRINT(EM_DIAGRAM):   call symput('NLDATE', strip(put(date(), NLDATE.)));
MPRINT(EM_DIAGRAM):   call symput('NLTIME', strip(put(datetime(), NLTIME.)));
MPRINT(EM_DIAGRAM):   run;
MPRINT(EM_DIAGRAM):   data _null_;
MPRINT(EM_DIAGRAM):   nldate= sasmsg("sashelp.dmine", "log_date_note", 'N', "August 11, 2022" );
MPRINT(EM_DIAGRAM):   nltime= sasmsg("sashelp.dmine", "log_time_note", 'N', "16:54:49" );
MPRINT(EM_DIAGRAM):   file _LOG;
MPRINT(EM_DIAGRAM):   put "*------------------------------------------------------------*";
MPRINT(EM_DIAGRAM):   put "User:                AutoLogon";
MPRINT(EM_DIAGRAM):   put nldate;
MPRINT(EM_DIAGRAM):   put nltime;
MPRINT(EM_DIAGRAM):   put "Site:                70192439";
MPRINT(EM_DIAGRAM):   put "Platform:            X64_8PRO";
MPRINT(EM_DIAGRAM):   put "Maintenance Release: 9.04.01M3P062415";
MPRINT(EM_DIAGRAM):   put "EM Version:          14.1";
MPRINT(EM_DIAGRAM):   put "* ";
MPRINT(EM_DIAGRAM):   run;
MPRINT(EM_DIAGRAM):    filename _LOGIN "C:\Users\AutoLogon\Desktop\Roshan Seneca\SEM 2\ROSHAN SEM 2\BAN 210\Final Project\Final Project-Roshan Nair\Workspaces\EMWS2\Reg\EMTRAIN.log" encoding="UTF-8" NOBOM;
MPRINT(EM_COPYFILE):   data _null_;
MPRINT(EM_COPYFILE):   length line $20000;
MPRINT(EM_COPYFILE):   file _LOG MOD lrecl=20000;
MPRINT(EM_COPYFILE):   fid=fopen("_LOGIN",'i',20000,'v');
MPRINT(EM_COPYFILE):   if fid > 0 then do;
MPRINT(EM_COPYFILE):   do while(^fread(fid));
MPRINT(EM_COPYFILE):   rlen = frlen(fid);
MPRINT(EM_COPYFILE):   rc= fget(fid,line,20000);
MPRINT(EM_COPYFILE):   start = length(line)-length(left(line))+1;
MPRINT(EM_COPYFILE):   line=strip(line);
MPRINT(EM_COPYFILE):   put @start line;
MPRINT(EM_COPYFILE):   end;
MPRINT(EM_COPYFILE):   if fid > 0 then rc=fclose(fid);
MPRINT(EM_COPYFILE):   end;
MPRINT(EM_COPYFILE):   run;
MPRINT(EM_DIAGRAM):  ;
MPRINT(EM_DIAGRAM):   filename _LOGIN;
MPRINT(EM_DIAGRAM):    data _null_;
MPRINT(EM_DIAGRAM):   file _LOG mod;
MPRINT(EM_DIAGRAM):   put _page_;
MPRINT(EM_DIAGRAM):   run;
MPRINT(EM_DIAGRAM):   filename _LOGIN "C:\Users\AutoLogon\Desktop\Roshan Seneca\SEM 2\ROSHAN SEM 2\BAN 210\Final Project\Final Project-Roshan Nair\Workspaces\EMWS2\Reg\EMSCORE.log" encoding="UTF-8" NOBOM;
MPRINT(EM_DIAGRAM):  ;
MPRINT(EM_DIAGRAM):   data _null_;
MPRINT(EM_DIAGRAM):   file _LOG mod;
MPRINT(EM_DIAGRAM):   put _page_;
MPRINT(EM_DIAGRAM):   run;
MPRINT(EM_DIAGRAM):    filename _LOGIN "C:\Users\AutoLogon\Desktop\Roshan Seneca\SEM 2\ROSHAN SEM 2\BAN 210\Final Project\Final Project-Roshan Nair\Workspaces\EMWS2\Reg\EMREPORT.log" encoding="UTF-8" NOBOM;
MPRINT(EM_DIAGRAM):  ;
MPRINT(EM_DIAGRAM):   filename _LOGIN;
MPRINT(EM_DIAGRAM):    filename _LOG;
MPRINT(EM_DIAGRAM):    filename _OUT "C:\Users\AutoLogon\Desktop\Roshan Seneca\SEM 2\ROSHAN SEM 2\BAN 210\Final Project\Final Project-Roshan Nair\Workspaces\EMWS2\Reg\EMOUTPUT.out" encoding="UTF-8" NOBOM;
MPRINT(EM_DIAGRAM):    data _null_;
MPRINT(EM_DIAGRAM):   call symput('NLDATE', strip(put(date(), NLDATE.)));
MPRINT(EM_DIAGRAM):   call symput('NLTIME', strip(put(datetime(), NLTIME.)));
MPRINT(EM_DIAGRAM):   run;
MPRINT(EM_DIAGRAM):   data _null_;
MPRINT(EM_DIAGRAM):   nldate= sasmsg("sashelp.dmine", "log_date_note", 'N', "August 11, 2022" );
MPRINT(EM_DIAGRAM):   nltime= sasmsg("sashelp.dmine", "log_time_note", 'N', "16:54:49" );
MPRINT(EM_DIAGRAM):   file _OUT;
MPRINT(EM_DIAGRAM):   put "*------------------------------------------------------------*";
MPRINT(EM_DIAGRAM):   put "User:                AutoLogon";
MPRINT(EM_DIAGRAM):   put nldate;
MPRINT(EM_DIAGRAM):   put nltime;
MPRINT(EM_DIAGRAM):   put "*------------------------------------------------------------*";
MPRINT(EM_DIAGRAM):   put "* Training Output";
MPRINT(EM_DIAGRAM):   put "*------------------------------------------------------------*";
MPRINT(EM_DIAGRAM):   run;
MPRINT(EM_DIAGRAM):    filename _OUTIN "C:\Users\AutoLogon\Desktop\Roshan Seneca\SEM 2\ROSHAN SEM 2\BAN 210\Final Project\Final Project-Roshan Nair\Workspaces\EMWS2\Reg\EMTRAIN.out" encoding="UTF-8" NOBOM;
MPRINT(EM_DIAGRAM):   ;
MPRINT(EM_COPYFILE):   data _null_;
MPRINT(EM_COPYFILE):   length line $20000;
MPRINT(EM_COPYFILE):   file _OUT MOD lrecl=20000;
MPRINT(EM_COPYFILE):   fid=fopen("_OUTIN",'i',20000,'v');
MPRINT(EM_COPYFILE):   if fid > 0 then do;
MPRINT(EM_COPYFILE):   do while(^fread(fid));
MPRINT(EM_COPYFILE):   rlen = frlen(fid);
MPRINT(EM_COPYFILE):   rc= fget(fid,line,20000);
MPRINT(EM_COPYFILE):   start = length(line)-length(left(line))+1;
MPRINT(EM_COPYFILE):   line=strip(line);
MPRINT(EM_COPYFILE):   put @start line;
MPRINT(EM_COPYFILE):   end;
MPRINT(EM_COPYFILE):   if fid > 0 then rc=fclose(fid);
MPRINT(EM_COPYFILE):   end;
MPRINT(EM_COPYFILE):   run;
MPRINT(EM_DIAGRAM):  ;
MPRINT(EM_DIAGRAM):   filename _OUTIN;
MPRINT(EM_DIAGRAM):    data _null_;
MPRINT(EM_DIAGRAM):   file _OUT mod;
MPRINT(EM_DIAGRAM):   put _page_;
MPRINT(EM_DIAGRAM):   put // "*------------------------------------------------------------*";
MPRINT(EM_DIAGRAM):   put "* Score Output";
MPRINT(EM_DIAGRAM):   put "*------------------------------------------------------------*";
MPRINT(EM_DIAGRAM):   run;
MPRINT(EM_DIAGRAM):    filename _OUTIN "C:\Users\AutoLogon\Desktop\Roshan Seneca\SEM 2\ROSHAN SEM 2\BAN 210\Final Project\Final Project-Roshan Nair\Workspaces\EMWS2\Reg\EMSCORE.out" encoding="UTF-8" NOBOM;
MPRINT(EM_DIAGRAM):  ;
MPRINT(EM_DIAGRAM):   filename _OUTIN;
MPRINT(EM_DIAGRAM):    data _null_;
MPRINT(EM_DIAGRAM):   file _OUT mod;
MPRINT(EM_DIAGRAM):   put _page_;
MPRINT(EM_DIAGRAM):   put // "*------------------------------------------------------------*";
MPRINT(EM_DIAGRAM):   put "* Report Output";
MPRINT(EM_DIAGRAM):   put "*------------------------------------------------------------*";
MPRINT(EM_DIAGRAM):   run;
MPRINT(EM_DIAGRAM):    filename _OUTIN "C:\Users\AutoLogon\Desktop\Roshan Seneca\SEM 2\ROSHAN SEM 2\BAN 210\Final Project\Final Project-Roshan Nair\Workspaces\EMWS2\Reg\EMREPORT.out" encoding="UTF-8" NOBOM;
MPRINT(EM_DIAGRAM):  ;
MPRINT(EM_DIAGRAM):   filename _OUTIN;
MPRINT(EM_DIAGRAM):    filename _OUT;
MPRINT(EM_DIAGRAM):    filename _emtool_ 'C:\Users\AutoLogon\Desktop\Roshan Seneca\SEM 2\ROSHAN SEM 2\BAN 210\Final Project\Final Project-Roshan Nair\Workspaces\EMWS2\Reg\EMRUNSTATUS.xml' encoding="UTF-8" NOBOM;
21436      proc freq data=EMWS2.Reg_VariableSet noprint;
MPRINT(EM_DIAGRAM):    proc freq data=EMWS2.Reg_VariableSet noprint;
21437      table ROLE*LEVEL/out=WORK.RegMETA;
MPRINT(EM_DIAGRAM):   table ROLE*LEVEL/out=WORK.RegMETA;
21438      run;
MPRINT(EM_DIAGRAM):   run;

NOTE: There were 9 observations read from the data set EMWS2.REG_VARIABLESET.
NOTE: The data set WORK.REGMETA has 3 observations and 4 variables.
NOTE: PROCEDURE FREQ used (Total process time):
      real time           0.05 seconds
      cpu time            0.06 seconds
      

21439      proc print data=WORK.RegMETA label noobs;
MPRINT(EM_DIAGRAM):   proc print data=WORK.RegMETA label noobs;
21440      var ROLE LEVEL COUNT;
MPRINT(EM_DIAGRAM):   var ROLE LEVEL COUNT;
21441      label ROLE = "%sysfunc(sasmsg(sashelp.dmine, meta_role_vlabel, NOQUOTE))" LEVEL = "%sysfunc(sasmsg(sashelp.dmine, meta_level_vlabel, NOQUOTE))" COUNT = "%sysfunc(sasmsg(sashelp.dmine, rpt_count_vlabel, NOQUOTE))";
MPRINT(EM_DIAGRAM):   label ROLE = "Role" LEVEL = "Measurement Level" COUNT = "Frequency Count";
21442      title9 ' ';
MPRINT(EM_DIAGRAM):   title9 ' ';
21443      title10 "%sysfunc(sasmsg(sashelp.dmine, rpt_varSummary_title  , NOQUOTE))";
MPRINT(EM_DIAGRAM):   title10 "Variable Summary";
MPRINT(EM_DIAGRAM):   run;
21444      run;

NOTE: There were 3 observations read from the data set WORK.REGMETA.
NOTE: The PROCEDURE PRINT printed page 1.
NOTE: PROCEDURE PRINT used (Total process time):
      real time           0.02 seconds
      cpu time            0.03 seconds
      

21445      title10;
MPRINT(EM_DIAGRAM):   title10;
21446      %let EMNORLEN = %DMNORLEN;
MPRINT(EM_DIAGRAM):   
EMWS2.Trans_TRAIN EMWS2.Trans_TRAIN 
EMWS2.Trans_TRAIN EMWS2.Trans_TRAIN EMWS2 Trans_TRAIN 
EMWS2.Trans_TRAIN EMWS2.Trans_TRAIN 
EMWS2.Trans_TRAIN EMWS2.Trans_TRAIN EMWS2 Trans_TRAIN 
>>>>>>>>>>>>>> TARGET(   NAME='mpg' 
                         ROLE='TARGET' 
                         LEVEL='INTERVAL' 
                         ORDER='' 
                         CREATOR='' 
                         FORMATTYPE='QUANTITY' 
                         FAMILY='' 
                         LOWERLIMIT=. 
                         UPPERLIMIT=. 
                         REPORT='N' 
                         DISTRIBUTION='' 
                         COMMENT='' 
                         PRICE=. 
                         TYPE='N' 
                         LABEL='' 
                         FORMAT='BEST12.0' 
                         INFORMAT='BEST32.0' 
                         INDEX='N' 
                         INDEXTYPE='NONE' 
                         LENGTH=8 
                         USE='Y' 
                      )[18059] 
MPRINT(EM_DIAGRAM):   
MPRINT(HPDM_PERFORMANCE):  ;
PERFORMANCE  DETAILS
MPRINT(EM_DIAGRAM):  ;
MPRINT(EM_DIAGRAM):    *------------------------------------------------------------* ;
MPRINT(EM_DIAGRAM):   * EM: DMDBClass Macro ;
MPRINT(EM_DIAGRAM):   *------------------------------------------------------------* ;
MPRINT(EM_DIAGRAM):   *------------------------------------------------------------* ;
MPRINT(EM_DIAGRAM):   * EM: DMDBVar Macro ;
MPRINT(EM_DIAGRAM):   *------------------------------------------------------------* ;
MPRINT(EM_DIAGRAM):   *------------------------------------------------------------*;
MPRINT(EM_DIAGRAM):   * EM: Create DMDB;
MPRINT(EM_DIAGRAM):   *------------------------------------------------------------*;
MPRINT(EM_DIAGRAM):   proc dmdb batch data=EMWS2.Trans_TRAIN dmdbcat=WORK.EM_DMDB maxlevel = 513 ;
MPRINT(EM_DIAGRAM):   var
MPRINT(DMDBVAR):   mpg
MPRINT(EM_DIAGRAM):  ;
MPRINT(EM_DIAGRAM):   target mpg ;
MPRINT(EM_DIAGRAM):   run;
MPRINT(EM_DIAGRAM):   quit;
MPRINT(EM_DIAGRAM):   *--- end code ---*;
WORK.EM_DMDB WORK.EM_DMDB 
WORK.EM_DMDB WORK.EM_DMDB WORK EM_DMDB 
MPRINT(EM_DIAGRAM):    proc datasets lib=EMWS2 nolist;
MPRINT(EM_DIAGRAM):   modify Reg_mpg_DD(type=PROFIT label= mpg);
MPRINT(EM_DIAGRAM):   run;
MPRINT(EM_DIAGRAM):   quit;
MPRINT(EM_DIAGRAM):    *------------------------------------------------------------*;
MPRINT(EM_DIAGRAM):   * Reg: Determine decision variables for mpg;
MPRINT(EM_DIAGRAM):   *------------------------------------------------------------*;
MPRINT(EM_DIAGRAM):   data WORK.Reg_SCORE;
MPRINT(EM_DIAGRAM):   set EMWS2.Trans_TRAIN;
MPRINT(EM_DIAGRAM):   keep mpg;
MPRINT(EM_DIAGRAM):   keep 'P_mpg'n;
MPRINT(EM_DIAGRAM):   'P_mpg'n = 0.5;
MPRINT(EM_DIAGRAM):   if _N_=1 then do;
MPRINT(EM_DIAGRAM):   output;
MPRINT(EM_DIAGRAM):   stop;
MPRINT(EM_DIAGRAM):   end;
MPRINT(EM_DIAGRAM):   run;
MPRINT(EM_DIAGRAM):    data EMWS2.Reg_mpg_DM;
MPRINT(EM_DIAGRAM):   set EMWS2.Reg_mpg_DM;
MPRINT(EM_DIAGRAM):   where _TYPE_ ^in('FREQ', 'BESTPROFIT', 'COMPUTEDPROFIT', 'EXPECTEDPROFIT', 'BESTLOSS', 'COMPUTEDLOSS', 'EXPECTEDLOSS', 'ROI', 'INVESTMENTCOST', 'MODELDECISION');
MPRINT(EM_DIAGRAM):   run;
MPRINT(EM_DIAGRAM):    proc datasets lib=work nolist;
MPRINT(EM_DIAGRAM):   modify mpg(type=PROFIT label= mpg);
MPRINT(EM_DIAGRAM):   run;
MPRINT(EM_DIAGRAM):   quit;
MPRINT(EM_DIAGRAM):    data EMWS2.Reg_mpg_DM;
MPRINT(EM_DIAGRAM):   set EMWS2.Reg_mpg_DM end=eof;
MPRINT(EM_DIAGRAM):   output;
MPRINT(EM_DIAGRAM):   if eof then do;
MPRINT(EM_DIAGRAM):   end;
MPRINT(EM_DIAGRAM):   run;
"No decisions defined for target "mpg"." 
21507      proc print data = EMWS2.Reg_mpg_DM noobs label;
MPRINT(EM_DIAGRAM):    proc print data = EMWS2.Reg_mpg_DM noobs label;
21508      var _type_ variable label;
MPRINT(EM_DIAGRAM):   var _type_ variable label;
21509      where _type_ ^in('MATRIX', 'DECISION', 'TRAINPRIOR', 'DATAPRIOR', 'DECPRIOR');
MPRINT(EM_DIAGRAM):   where _type_ ^in('MATRIX', 'DECISION', 'TRAINPRIOR', 'DATAPRIOR', 'DECPRIOR');
21510      label _TYPE_ = "%sysfunc(sasmsg(sashelp.dmine, rpt_type_vlabel,     NOQUOTE))" VARIABLE = "%sysfunc(sasmsg(sashelp.dmine, rpt_variable_vlabel, NOQUOTE))" LABEL = "%sysfunc(sasmsg(sashelp.dmine, meta_label_vlabel, NOQUOTE))";
MPRINT(EM_DIAGRAM):   label _TYPE_ = "Type" VARIABLE = "Variable" LABEL = "Label";
21511      title9 ' ';
MPRINT(EM_DIAGRAM):   title9 ' ';
21512      title10 "%sysfunc(sasmsg(sashelp.dmine, rpt_predDecVars_title  , NOQUOTE))";
MPRINT(EM_DIAGRAM):   title10 "Predicted and decision variables";
MPRINT(EM_DIAGRAM):   run;
21513      run;

NOTE: There were 3 observations read from the data set EMWS2.REG_MPG_DM.
      WHERE _type_ not in ('DATAPRIOR', 'DECISION', 'DECPRIOR', 'MATRIX', 'TRAINPRIOR');
NOTE: The PROCEDURE PRINT printed page 2.
NOTE: PROCEDURE PRINT used (Total process time):
      real time           0.02 seconds
      cpu time            0.03 seconds
      

21514      title10;
MPRINT(EM_DIAGRAM):   title10;
MPRINT(EM_DIAGRAM):    *------------------------------------------------------------*;
MPRINT(EM_DIAGRAM):   * Reg: Preparing metadata for Training *------------------------------------------------------------*;
MPRINT(EM_DIAGRAM):   data WORK.M0AQJ71_;
MPRINT(EM_DIAGRAM):   set WORK.M0AQJ71_;
MPRINT(EM_DIAGRAM):   where use = 'Y' or (role = 'INPUT' and use = 'D') ;
MPRINT(EM_DIAGRAM):   if (role = 'REJECTED') then role = 'INPUT';
MPRINT(EM_DIAGRAM):   if use = 'D' then use = 'Y';
MPRINT(EM_DIAGRAM):   run;
21524      *------------------------------------------------------------*;
MPRINT(EM_DIAGRAM):    *------------------------------------------------------------*;
21525      * Reg: Create effect data set;
MPRINT(EM_DIAGRAM):   * Reg: Create effect data set;
21526      *------------------------------------------------------------*;
MPRINT(EM_DIAGRAM):   *------------------------------------------------------------*;
21527      data WORK.Reg_EFFECT;
MPRINT(EM_DIAGRAM):   data WORK.Reg_EFFECT;
21528      length ORDER 8 variable $32;
MPRINT(EM_DIAGRAM):   length ORDER 8 variable $32;
21529      ORDER=1;
MPRINT(EM_DIAGRAM):   ORDER=1;
21530      VARIABLE="PWR_displacement";
MPRINT(EM_DIAGRAM):   VARIABLE="PWR_displacement";
21531      output;
MPRINT(EM_DIAGRAM):   output;
21532      ORDER=2;
MPRINT(EM_DIAGRAM):   ORDER=2;
21533      VARIABLE="SQRT_cylinders";
MPRINT(EM_DIAGRAM):   VARIABLE="SQRT_cylinders";
21534      output;
MPRINT(EM_DIAGRAM):   output;
21535      ORDER=3;
MPRINT(EM_DIAGRAM):   ORDER=3;
21536      VARIABLE="SQRT_weight";
MPRINT(EM_DIAGRAM):   VARIABLE="SQRT_weight";
21537      output;
MPRINT(EM_DIAGRAM):   output;
21538      ORDER=4;
MPRINT(EM_DIAGRAM):   ORDER=4;
21539      VARIABLE="acceleration";
MPRINT(EM_DIAGRAM):   VARIABLE="acceleration";
21540      output;
MPRINT(EM_DIAGRAM):   output;
21541      ORDER=5;
MPRINT(EM_DIAGRAM):   ORDER=5;
21542      VARIABLE="car_name";
MPRINT(EM_DIAGRAM):   VARIABLE="car_name";
21543      output;
MPRINT(EM_DIAGRAM):   output;
21544      ORDER=6;
MPRINT(EM_DIAGRAM):   ORDER=6;
21545      VARIABLE="horsepower";
MPRINT(EM_DIAGRAM):   VARIABLE="horsepower";
21546      output;
MPRINT(EM_DIAGRAM):   output;
21547      ORDER=7;
MPRINT(EM_DIAGRAM):   ORDER=7;
21548      VARIABLE="model";
MPRINT(EM_DIAGRAM):   VARIABLE="model";
21549      output;
MPRINT(EM_DIAGRAM):   output;
21550      ORDER=8;
MPRINT(EM_DIAGRAM):   ORDER=8;
21551      VARIABLE="origin";
MPRINT(EM_DIAGRAM):   VARIABLE="origin";
21552      output;
MPRINT(EM_DIAGRAM):   output;
21553      ;
MPRINT(EM_DIAGRAM):   ;
21554      run;
MPRINT(EM_DIAGRAM):   run;

NOTE: The data set WORK.REG_EFFECT has 8 observations and 2 variables.
NOTE: DATA statement used (Total process time):
      real time           0.03 seconds
      cpu time            0.03 seconds
      

21555      data _temp1;
MPRINT(EM_DIAGRAM):    data _temp1;
21556      length VAR1 $32;
MPRINT(EM_DIAGRAM):   length VAR1 $32;
21557      VAR1 = " ";
MPRINT(EM_DIAGRAM):   VAR1 = " ";
21558      output;
MPRINT(EM_DIAGRAM):   output;
21559      VAR1 = "PWR_displacement";
MPRINT(EM_DIAGRAM):   VAR1 = "PWR_displacement";
21560      output;
MPRINT(EM_DIAGRAM):   output;
21561      VAR1 = "SQRT_cylinders";
MPRINT(EM_DIAGRAM):   VAR1 = "SQRT_cylinders";
21562      output;
MPRINT(EM_DIAGRAM):   output;
21563      VAR1 = "SQRT_weight";
MPRINT(EM_DIAGRAM):   VAR1 = "SQRT_weight";
21564      output;
MPRINT(EM_DIAGRAM):   output;
21565      VAR1 = "acceleration";
MPRINT(EM_DIAGRAM):   VAR1 = "acceleration";
21566      output;
MPRINT(EM_DIAGRAM):   output;
21567      VAR1 = "model";
MPRINT(EM_DIAGRAM):   VAR1 = "model";
21568      output;
MPRINT(EM_DIAGRAM):   output;
21569      VAR1 = "origin";
MPRINT(EM_DIAGRAM):   VAR1 = "origin";
21570      output;
MPRINT(EM_DIAGRAM):   output;

NOTE: The data set WORK._TEMP1 has 7 observations and 1 variables.
NOTE: DATA statement used (Total process time):
      real time           0.01 seconds
      cpu time            0.01 seconds
      

21571      data _temp2(rename=(var1=var2));
MPRINT(EM_DIAGRAM):   data _temp2(rename=(var1=var2));
21572      set _temp1;
MPRINT(EM_DIAGRAM):   set _temp1;
21573      run;
MPRINT(EM_DIAGRAM):   run;

NOTE: There were 7 observations read from the data set WORK._TEMP1.
NOTE: The data set WORK._TEMP2 has 7 observations and 1 variables.
NOTE: DATA statement used (Total process time):
      real time           0.01 seconds
      cpu time            0.01 seconds
      

21574      proc sql;
MPRINT(EM_DIAGRAM):   proc sql;
21575      create table _tempPoly as select
21576      VAR1,
21577      VAR2 from
21578      _temp1,
21579      _temp2;
MPRINT(EM_DIAGRAM):   create table _tempPoly as select VAR1, VAR2 from _temp1, _temp2;
NOTE: The execution of this query involves performing one or more Cartesian product joins that can not be optimized.
NOTE: Table WORK._TEMPPOLY created, with 49 rows and 2 columns.

21580      quit;
MPRINT(EM_DIAGRAM):   quit;
NOTE: PROCEDURE SQL used (Total process time):
      real time           0.01 seconds
      cpu time            0.01 seconds
      

21581      data _tempPoly;
MPRINT(EM_DIAGRAM):   data _tempPoly;
21582      set _tempPoly;
MPRINT(EM_DIAGRAM):   set _tempPoly;
21583      keep id Variable;
MPRINT(EM_DIAGRAM):   keep id Variable;
21584      array VAR VAR1-VAR2;
MPRINT(EM_DIAGRAM):   array VAR VAR1-VAR2;
21585      id = _N_;
MPRINT(EM_DIAGRAM):   id = _N_;
21586      do i=1 to 2;
MPRINT(EM_DIAGRAM):   do i=1 to 2;
21587      variable = VAR{i};
MPRINT(EM_DIAGRAM):   variable = VAR{i};
21588      output;
MPRINT(EM_DIAGRAM):   output;
21589      end;
MPRINT(EM_DIAGRAM):   end;
21590      run;
MPRINT(EM_DIAGRAM):   run;

NOTE: There were 49 observations read from the data set WORK._TEMPPOLY.
NOTE: The data set WORK._TEMPPOLY has 98 observations and 2 variables.
NOTE: DATA statement used (Total process time):
      real time           0.01 seconds
      cpu time            0.01 seconds
      

21591      proc sort data=_tempPoly;
MPRINT(EM_DIAGRAM):   proc sort data=_tempPoly;
21592      by id variable;
MPRINT(EM_DIAGRAM):   by id variable;
21593      run;
MPRINT(EM_DIAGRAM):   run;

NOTE: There were 98 observations read from the data set WORK._TEMPPOLY.
NOTE: The data set WORK._TEMPPOLY has 98 observations and 2 variables.
NOTE: PROCEDURE SORT used (Total process time):
      real time           0.01 seconds
      cpu time            0.01 seconds
      

21594      data _tempPoly2;
MPRINT(EM_DIAGRAM):   data _tempPoly2;
21595      keep factor id;
MPRINT(EM_DIAGRAM):   keep factor id;
21596      length factor $200;
MPRINT(EM_DIAGRAM):   length factor $200;
21597      retain factor;
MPRINT(EM_DIAGRAM):   retain factor;
21598      set _tempPoly;
MPRINT(EM_DIAGRAM):   set _tempPoly;
21599      by id;
MPRINT(EM_DIAGRAM):   by id;
21600      if first.id then factor= variable;
MPRINT(EM_DIAGRAM):   if first.id then factor= variable;
21601      else factor = strip(factor)!!' '!!variable;
MPRINT(EM_DIAGRAM):   else factor = strip(factor)!!' '!!variable;
21602      if last.id then output;
MPRINT(EM_DIAGRAM):   if last.id then output;
21603      run;
MPRINT(EM_DIAGRAM):   run;

NOTE: There were 98 observations read from the data set WORK._TEMPPOLY.
NOTE: The data set WORK._TEMPPOLY2 has 49 observations and 2 variables.
NOTE: DATA statement used (Total process time):
      real time           0.01 seconds
      cpu time            0.01 seconds
      

21604      proc sort data=_tempPoly2 nodupkey;
MPRINT(EM_DIAGRAM):   proc sort data=_tempPoly2 nodupkey;
21605      by factor;
MPRINT(EM_DIAGRAM):   by factor;
21606      run;
MPRINT(EM_DIAGRAM):   run;

NOTE: There were 49 observations read from the data set WORK._TEMPPOLY2.
NOTE: 21 observations with duplicate key values were deleted.
NOTE: The data set WORK._TEMPPOLY2 has 28 observations and 2 variables.
NOTE: PROCEDURE SORT used (Total process time):
      real time           0.01 seconds
      cpu time            0.01 seconds
      

21607      proc sort data=_tempPoly2;
MPRINT(EM_DIAGRAM):   proc sort data=_tempPoly2;
21608      by id;
MPRINT(EM_DIAGRAM):   by id;
21609      run;
MPRINT(EM_DIAGRAM):   run;

NOTE: There were 28 observations read from the data set WORK._TEMPPOLY2.
NOTE: The data set WORK._TEMPPOLY2 has 28 observations and 2 variables.
NOTE: PROCEDURE SORT used (Total process time):
      real time           0.01 seconds
      cpu time            0.01 seconds
      

21610      data _tempPoly;
MPRINT(EM_DIAGRAM):   data _tempPoly;
21611      merge _tempPoly _tempPoly2(keep=id in=a);
MPRINT(EM_DIAGRAM):   merge _tempPoly _tempPoly2(keep=id in=a);
21612      by id;
MPRINT(EM_DIAGRAM):   by id;
21613      if a then output;
MPRINT(EM_DIAGRAM):   if a then output;
21614      run;
MPRINT(EM_DIAGRAM):   run;

NOTE: There were 98 observations read from the data set WORK._TEMPPOLY.
NOTE: There were 28 observations read from the data set WORK._TEMPPOLY2.
NOTE: The data set WORK._TEMPPOLY has 56 observations and 2 variables.
NOTE: DATA statement used (Total process time):
      real time           0.02 seconds
      cpu time            0.03 seconds
      

21615      data _tempPoly;
MPRINT(EM_DIAGRAM):   data _tempPoly;
21616      retain order 9;
MPRINT(EM_DIAGRAM):   retain order 9;
21617      set _tempPoly;
MPRINT(EM_DIAGRAM):   set _tempPoly;
21618      if first.id then order = order+1;
MPRINT(EM_DIAGRAM):   if first.id then order = order+1;
21619      by id;
MPRINT(EM_DIAGRAM):   by id;
21620      run;
MPRINT(EM_DIAGRAM):   run;

NOTE: There were 56 observations read from the data set WORK._TEMPPOLY.
NOTE: The data set WORK._TEMPPOLY has 56 observations and 3 variables.
NOTE: DATA statement used (Total process time):
      real time           0.01 seconds
      cpu time            0.01 seconds
      

21621      proc append data=_tempPoly(drop=id) base=WORK.Reg_EFFECT;
MPRINT(EM_DIAGRAM):   proc append data=_tempPoly(drop=id) base=WORK.Reg_EFFECT;
21622      run;
MPRINT(EM_DIAGRAM):   run;

NOTE: Appending WORK._TEMPPOLY to WORK.REG_EFFECT.
NOTE: There were 56 observations read from the data set WORK._TEMPPOLY.
NOTE: 56 observations added.
NOTE: The data set WORK.REG_EFFECT has 64 observations and 2 variables.
NOTE: PROCEDURE APPEND used (Total process time):
      real time           0.01 seconds
      cpu time            0.01 seconds
      

21623      proc datasets lib=work nolist;
MPRINT(EM_DIAGRAM):    proc datasets lib=work nolist;
21624      delete _tempPoly _tempPoly
21625      _temp1
21626      _temp2
21627      ;
MPRINT(EM_DIAGRAM):   delete _tempPoly _tempPoly _temp1 _temp2 ;
21628      run;
MPRINT(EM_DIAGRAM):   run;

NOTE: The file WORK._TEMPPOLY (memtype=DATA) was not found, but appears on a DELETE statement.
NOTE: Deleting WORK._TEMPPOLY (memtype=DATA).
NOTE: Deleting WORK._TEMP1 (memtype=DATA).
NOTE: Deleting WORK._TEMP2 (memtype=DATA).
21629      *------------------------------------------------------------*;
MPRINT(EM_DIAGRAM):   *------------------------------------------------------------*;
21630      * Reg: Prepare equation data set;
MPRINT(EM_DIAGRAM):   * Reg: Prepare equation data set;
21631      *------------------------------------------------------------*;
MPRINT(EM_DIAGRAM):   *------------------------------------------------------------*;

NOTE: PROCEDURE DATASETS used (Total process time):
      real time           0.02 seconds
      cpu time            0.03 seconds
      

21632      data WORK.Reg_EQUATION;
MPRINT(EM_DIAGRAM):   data WORK.Reg_EQUATION;
21633      set
21634      WORK.Reg_EFFECT
21635      ;
MPRINT(EM_DIAGRAM):   set WORK.Reg_EFFECT ;
21636      run;
MPRINT(EM_DIAGRAM):   run;

NOTE: There were 64 observations read from the data set WORK.REG_EFFECT.
NOTE: The data set WORK.REG_EQUATION has 64 observations and 2 variables.
NOTE: DATA statement used (Total process time):
      real time           0.01 seconds
      cpu time            0.01 seconds
      

21637      proc sort data=WORK.Reg_EQUATION out=WORK.Reg_CLASS(rename=(VARIABLE=NAME)) nodupkey;
MPRINT(EM_DIAGRAM):   proc sort data=WORK.Reg_EQUATION out=WORK.Reg_CLASS(rename=(VARIABLE=NAME)) nodupkey;
21638      by VARIABLE;
MPRINT(EM_DIAGRAM):   by VARIABLE;
21639      run;
MPRINT(EM_DIAGRAM):   run;

NOTE: There were 64 observations read from the data set WORK.REG_EQUATION.
NOTE: 55 observations with duplicate key values were deleted.
NOTE: The data set WORK.REG_CLASS has 9 observations and 2 variables.
NOTE: PROCEDURE SORT used (Total process time):
      real time           0.01 seconds
      cpu time            0.01 seconds
      

21640      proc sort data=WORK.Reg_EQUATION;
MPRINT(EM_DIAGRAM):   proc sort data=WORK.Reg_EQUATION;
21641      by ORDER VARIABLE;
MPRINT(EM_DIAGRAM):   by ORDER VARIABLE;
21642      run;
MPRINT(EM_DIAGRAM):   run;

NOTE: There were 64 observations read from the data set WORK.REG_EQUATION.
NOTE: The data set WORK.REG_EQUATION has 64 observations and 2 variables.
NOTE: PROCEDURE SORT used (Total process time):
      real time           0.01 seconds
      cpu time            0.01 seconds
      

21643      data WORK.Reg_EQUATION(keep=order term);
MPRINT(EM_DIAGRAM):   data WORK.Reg_EQUATION(keep=order term);
21644      length term $350;
MPRINT(EM_DIAGRAM):   length term $350;
21645      retain term '';
MPRINT(EM_DIAGRAM):   retain term '';
21646      set WORK.Reg_EQUATION end=eof;
MPRINT(EM_DIAGRAM):   set WORK.Reg_EQUATION end=eof;
21647      by order;
MPRINT(EM_DIAGRAM):   by order;
21648      if first.order then do;
MPRINT(EM_DIAGRAM):   if first.order then do;
21649      term = variable;
MPRINT(EM_DIAGRAM):   term = variable;
21650      end;
MPRINT(EM_DIAGRAM):   end;
21651      else do;
MPRINT(EM_DIAGRAM):   else do;
21652      if variable ne '' then do;
MPRINT(EM_DIAGRAM):   if variable ne '' then do;
21653      if term ne '' then term = trim(term)!!'*'!!variable;
MPRINT(EM_DIAGRAM):   if term ne '' then term = trim(term)!!'*'!!variable;
21654      else term = variable;
MPRINT(EM_DIAGRAM):   else term = variable;
21655      end;
MPRINT(EM_DIAGRAM):   end;
21656      end;
MPRINT(EM_DIAGRAM):   end;
21657      if last.order then output;
MPRINT(EM_DIAGRAM):   if last.order then output;
21658      run;
MPRINT(EM_DIAGRAM):   run;

NOTE: There were 64 observations read from the data set WORK.REG_EQUATION.
NOTE: The data set WORK.REG_EQUATION has 36 observations and 2 variables.
NOTE: DATA statement used (Total process time):
      real time           0.01 seconds
      cpu time            0.01 seconds
      

21659      proc sort data=WORK.Reg_EQUATION nodupkey;
MPRINT(EM_DIAGRAM):   proc sort data=WORK.Reg_EQUATION nodupkey;
21660      by term;
MPRINT(EM_DIAGRAM):   by term;
21661      run;
MPRINT(EM_DIAGRAM):   run;

NOTE: There were 36 observations read from the data set WORK.REG_EQUATION.
NOTE: 6 observations with duplicate key values were deleted.
NOTE: The data set WORK.REG_EQUATION has 30 observations and 2 variables.
NOTE: PROCEDURE SORT used (Total process time):
      real time           0.01 seconds
      cpu time            0.01 seconds
      

21662      proc sort data=WORK.Reg_EQUATION;
MPRINT(EM_DIAGRAM):   proc sort data=WORK.Reg_EQUATION;
21663      by order;
MPRINT(EM_DIAGRAM):   by order;
21664      run;
MPRINT(EM_DIAGRAM):   run;

NOTE: There were 30 observations read from the data set WORK.REG_EQUATION.
NOTE: The data set WORK.REG_EQUATION has 30 observations and 2 variables.
NOTE: PROCEDURE SORT used (Total process time):
      real time           0.01 seconds
      cpu time            0.01 seconds
      

21665      data WORK.Reg_CLASS;
MPRINT(EM_DIAGRAM):    data WORK.Reg_CLASS;
21666      merge WORK.Reg_CLASS(in=_a) WORK.METASET1LLXV4G(in=_b KEEP=NAME);
MPRINT(EM_DIAGRAM):   merge WORK.Reg_CLASS(in=_a) WORK.METASET1LLXV4G(in=_b KEEP=NAME);
21667      if _a and _b then output;
MPRINT(EM_DIAGRAM):   if _a and _b then output;
21668      run;
MPRINT(EM_DIAGRAM):   run;

NOTE: There were 9 observations read from the data set WORK.REG_CLASS.
NOTE: There were 2 observations read from the data set WORK.METASET1LLXV4G.
NOTE: The data set WORK.REG_CLASS has 2 observations and 2 variables.
NOTE: DATA statement used (Total process time):
      real time           0.01 seconds
      cpu time            0.01 seconds
      

NOTE: There were 3 observations read from the data set EMWS2.REG_MPG_DD.
NOTE: The data set WORK.MPG has 3 observations and 1 variables.
NOTE: There were 3 observations read from the data set EMWS2.REG_MPG_DD.
NOTE: The data set WORK.MPG has 3 observations and 1 variables.
21669      *------------------------------------------------------------*;
MPRINT(EM_DIAGRAM):    *------------------------------------------------------------*;
21670      * Reg: Create decision matrix;
MPRINT(EM_DIAGRAM):   * Reg: Create decision matrix;
21671      *------------------------------------------------------------*;
MPRINT(EM_DIAGRAM):   *------------------------------------------------------------*;
21672      data WORK.mpg(label="mpg");
MPRINT(EM_DIAGRAM):   data WORK.mpg(label="mpg");
21673        length   mpg                                  8
21674                 ;
MPRINT(EM_DIAGRAM):   length mpg 8 ;
21675      
21676       mpg=10;
MPRINT(EM_DIAGRAM):   mpg=10;
21677      output;
MPRINT(EM_DIAGRAM):   output;
21678       mpg=46.6;
MPRINT(EM_DIAGRAM):   mpg=46.6;
21679      output;
MPRINT(EM_DIAGRAM):   output;
21680       mpg=23.5238993710691;
MPRINT(EM_DIAGRAM):   mpg=23.5238993710691;
21681      output;
MPRINT(EM_DIAGRAM):   output;
21682      ;
MPRINT(EM_DIAGRAM):   ;
21683      run;
MPRINT(EM_DIAGRAM):   run;

NOTE: The data set WORK.MPG has 3 observations and 1 variables.
NOTE: DATA statement used (Total process time):
      real time           0.01 seconds
      cpu time            0.01 seconds
      

21684      proc datasets lib=work nolist;
MPRINT(EM_DIAGRAM):   proc datasets lib=work nolist;
21685      modify mpg(type=PROFIT label=mpg);
MPRINT(EM_DIAGRAM):   modify mpg(type=PROFIT label= mpg);
MPRINT(EM_DIAGRAM):   run;
21686      run;

NOTE: MODIFY was successful for WORK.MPG.DATA.
21687      quit;
MPRINT(EM_DIAGRAM):   quit;

NOTE: PROCEDURE DATASETS used (Total process time):
      real time           0.02 seconds
      cpu time            0.03 seconds
      

21688      data EM_DMREG / view=EM_DMREG;
MPRINT(EM_DIAGRAM):   data EM_DMREG / view=EM_DMREG;
21689      set EMWS2.Trans_TRAIN(keep=
21690      PWR_displacement SQRT_cylinders SQRT_weight acceleration car_name horsepower
21691      model mpg origin);
MPRINT(EM_DIAGRAM):   set EMWS2.Trans_TRAIN(keep= PWR_displacement SQRT_cylinders SQRT_weight acceleration car_name horsepower model mpg origin);
21692      run;
MPRINT(EM_DIAGRAM):   run;

NOTE: DATA STEP view saved on file WORK.EM_DMREG.
NOTE: A stored DATA STEP view cannot run under a different operating system.
NOTE: View EMWS2.TRANS_TRAIN.VIEW used (Total process time):
      real time           0.03 seconds
      cpu time            0.03 seconds
      
NOTE: DATA statement used (Total process time):
      real time           0.05 seconds
      cpu time            0.06 seconds
      

MPRINT(EM_DIAGRAM):   *------------------------------------------------------------* ;
MPRINT(EM_DIAGRAM):   * Reg: DMDBClass Macro ;
MPRINT(EM_DIAGRAM):   *------------------------------------------------------------* ;
21693      *------------------------------------------------------------* ;
21694      * Reg: DMDBClass Macro ;
21695      *------------------------------------------------------------* ;
21696      %macro DMDBClass;
21697          car_name(ASC) horsepower(ASC)
21698      %mend DMDBClass;
21699      *------------------------------------------------------------* ;
MPRINT(EM_DIAGRAM):   *------------------------------------------------------------* ;
21700      * Reg: DMDBVar Macro ;
MPRINT(EM_DIAGRAM):   * Reg: DMDBVar Macro ;
21701      *------------------------------------------------------------* ;
MPRINT(EM_DIAGRAM):   *------------------------------------------------------------* ;
21702      %macro DMDBVar;
21703          PWR_displacement SQRT_cylinders SQRT_weight acceleration model mpg origin
21704      %mend DMDBVar;
21705      *------------------------------------------------------------*;
MPRINT(EM_DIAGRAM):   *------------------------------------------------------------*;
21706      * Reg: Create DMDB;
MPRINT(EM_DIAGRAM):   * Reg: Create DMDB;
21707      *------------------------------------------------------------*;
MPRINT(EM_DIAGRAM):   *------------------------------------------------------------*;
21708      proc dmdb batch data=WORK.EM_DMREG
21709      dmdbcat=WORK.Reg_DMDB
21710      maxlevel = 513
21711      ;
MPRINT(EM_DIAGRAM):   proc dmdb batch data=WORK.EM_DMREG dmdbcat=WORK.Reg_DMDB maxlevel = 513 ;
MPRINT(EM_DIAGRAM):   class
21712      class %DMDBClass;
MPRINT(DMDBCLASS):   car_name(ASC) horsepower(ASC)
MPRINT(EM_DIAGRAM):  ;
MPRINT(EM_DIAGRAM):   var
21713      var %DMDBVar;
MPRINT(DMDBVAR):   PWR_displacement SQRT_cylinders SQRT_weight acceleration model mpg origin
MPRINT(EM_DIAGRAM):  ;
21714      target
21715      mpg
21716      ;
MPRINT(EM_DIAGRAM):   target mpg ;
21717      run;
MPRINT(EM_DIAGRAM):   run;

NOTE: Records processed = 318   Memory used = 511K.
NOTE: There were 318 observations read from the data set EMWS2.PART_TRAIN.
NOTE: View WORK.EM_DMREG.VIEW used (Total process time):
      real time           0.09 seconds
      cpu time            0.09 seconds
      
NOTE: There were 318 observations read from the data set EMWS2.TRANS_TRAIN.
NOTE: There were 318 observations read from the data set WORK.EM_DMREG.
NOTE: PROCEDURE DMDB used (Total process time):
      real time           0.10 seconds
      cpu time            0.10 seconds
      

MPRINT(EM_DIAGRAM):   quit;
MPRINT(EM_DIAGRAM):   *--- end code ---*;
21718      quit;
21719      *--- end code ---*;

21720      *------------------------------------------------------------*;
MPRINT(EM_DIAGRAM):    *------------------------------------------------------------*;
21721      * Reg: Run DMREG procedure;
MPRINT(EM_DIAGRAM):   * Reg: Run DMREG procedure;
21722      *------------------------------------------------------------*;
MPRINT(EM_DIAGRAM):   *------------------------------------------------------------*;
21723      proc dmreg data=EM_DMREG dmdbcat=WORK.Reg_DMDB
21724      validata = EMWS2.Trans_VALIDATE
21725      outest = EMWS2.Reg_EMESTIMATE
21726      outterms = EMWS2.Reg_OUTTERMS
21727      outmap= EMWS2.Reg_MAPDS namelen=200
21728      ;
MPRINT(EM_DIAGRAM):   proc dmreg data=EM_DMREG dmdbcat=WORK.Reg_DMDB validata = EMWS2.Trans_VALIDATE outest = EMWS2.Reg_EMESTIMATE outterms = EMWS2.Reg_OUTTERMS outmap= EMWS2.Reg_MAPDS namelen=200 ;
21729      class
21730      car_name
21731      horsepower
21732      ;
MPRINT(EM_DIAGRAM):   class car_name horsepower ;
21733      model mpg =
21734      PWR_displacement
21735      SQRT_cylinders
21736      SQRT_weight
21737      acceleration
21738      car_name
21739      horsepower
21740      model
21741      origin
21742      PWR_displacement*PWR_displacement
21743      PWR_displacement*SQRT_cylinders
21744      PWR_displacement*SQRT_weight
21745      PWR_displacement*acceleration
21746      PWR_displacement*model
21747      PWR_displacement*origin
21748      SQRT_cylinders*SQRT_cylinders
21749      SQRT_cylinders*SQRT_weight
21750      SQRT_cylinders*acceleration
21751      SQRT_cylinders*model
21752      SQRT_cylinders*origin
21753      SQRT_weight*SQRT_weight
21754      SQRT_weight*acceleration
21755      SQRT_weight*model
21756      SQRT_weight*origin
21757      acceleration*acceleration
21758      acceleration*model
21759      acceleration*origin
21760      model*model
21761      model*origin
21762      origin*origin
21763      /error=normal
21764      coding=DEVIATION
21765      nodesignprint
21766      selection=STEPWISE choose=VERROR
21767      Hierarchy=CLASS
21768      Rule=NONE
21769      SlEntry=1
21770      SlStay=0.5
21771      Start=0
21772      Stop=0
21773      include=0
21774      MaxStep=30
21775      ;
MPRINT(EM_DIAGRAM):   model mpg = PWR_displacement SQRT_cylinders SQRT_weight acceleration car_name horsepower model origin PWR_displacement*PWR_displacement PWR_displacement*SQRT_cylinders PWR_displacement*SQRT_weight PWR_displacement*acceleration 
PWR_displacement*model PWR_displacement*origin SQRT_cylinders*SQRT_cylinders SQRT_cylinders*SQRT_weight SQRT_cylinders*acceleration SQRT_cylinders*model SQRT_cylinders*origin SQRT_weight*SQRT_weight SQRT_weight*acceleration SQRT_weight*model 
SQRT_weight*origin acceleration*acceleration acceleration*model acceleration*origin model*model model*origin origin*origin /error=normal coding=DEVIATION nodesignprint selection=STEPWISE choose=VERROR Hierarchy=CLASS Rule=NONE SlEntry=1 SlStay=0.5 Start=0 
Stop=0 include=0 MaxStep=30 ;
21776      ;
MPRINT(EM_DIAGRAM):   ;
21777      code file="C:\Users\AutoLogon\Desktop\Roshan Seneca\SEM 2\ROSHAN SEM 2\BAN 210\Final Project\Final Project-Roshan Nair\Workspaces\EMWS2\Reg\EMPUBLISHSCORE.sas"
21778      group=Reg
21779      ;
MPRINT(EM_DIAGRAM):   code file="C:\Users\AutoLogon\Desktop\Roshan Seneca\SEM 2\ROSHAN SEM 2\BAN 210\Final Project\Final Project-Roshan Nair\Workspaces\EMWS2\Reg\EMPUBLISHSCORE.sas" group=Reg ;
21780      code file="C:\Users\AutoLogon\Desktop\Roshan Seneca\SEM 2\ROSHAN SEM 2\BAN 210\Final Project\Final Project-Roshan Nair\Workspaces\EMWS2\Reg\EMFLOWSCORE.sas"
21781      group=Reg
21782      residual
21783      ;
MPRINT(EM_DIAGRAM):   code file="C:\Users\AutoLogon\Desktop\Roshan Seneca\SEM 2\ROSHAN SEM 2\BAN 210\Final Project\Final Project-Roshan Nair\Workspaces\EMWS2\Reg\EMFLOWSCORE.sas" group=Reg residual ;
21784      run;
MPRINT(EM_DIAGRAM):   run;

NOTE: STOP= ignored.
NOTE: Variable car_nameCHEVROLET_CHEVELLE_MALIB already exists on file EMWS2.REG_MAPDS, using car_nameCHEVROLET_CHEVELLE_MALI2 instead.
NOTE: Variable car_namePLYMOUTH_SATELLITE_CUSTO already exists on file EMWS2.REG_MAPDS, using car_namePLYMOUTH_SATELLITE_CUST2 instead.
NOTE: External file C:\Users\AutoLogon\Desktop\Roshan Seneca\SEM 2\ROSHAN SEM 2\BAN 210\Final Project\Final Project-Roshan Nair\Workspaces\EMWS2\Reg\EMPUBLISHSCORE.sas opened.
NOTE: External file C:\Users\AutoLogon\Desktop\Roshan Seneca\SEM 2\ROSHAN SEM 2\BAN 210\Final Project\Final Project-Roshan Nair\Workspaces\EMWS2\Reg\EMFLOWSCORE.sas opened.
NOTE: View EMWS2.TRANS_VALIDATE.VIEW used (Total process time):
      real time           1.05 seconds
      cpu time            0.78 seconds
      
NOTE: There were 80 observations read from the data set EMWS2.PART_VALIDATE.
NOTE: There were 318 observations read from the data set EMWS2.PART_TRAIN.
NOTE: View WORK.EM_DMREG.VIEW used (Total process time):
      real time           1.14 seconds
      cpu time            0.85 seconds
      
NOTE: There were 318 observations read from the data set EMWS2.TRANS_TRAIN.
NOTE: There were 318 observations read from the data set WORK.EM_DMREG.
NOTE: There were 80 observations read from the data set EMWS2.TRANS_VALIDATE.
NOTE: The data set EMWS2.REG_EMESTIMATE has 66 observations and 394 variables.
NOTE: The data set EMWS2.REG_OUTTERMS has 6 observations and 6 variables.
NOTE: The data set EMWS2.REG_MAPDS has 2 observations and 361 variables.
NOTE: The PROCEDURE DMREG printed page 3.
NOTE: PROCEDURE DMREG used (Total process time):
      real time           1.23 seconds
      cpu time            0.93 seconds
      

MPRINT(EM_DIAGRAM):   quit;
21785      quit;

21786      proc datasets lib=WORK nolist;
MPRINT(EM_DIAGRAM):    proc datasets lib=WORK nolist;
21787      delete Reg_DMDB;
MPRINT(EM_DIAGRAM):   delete Reg_DMDB;
21788      run;
MPRINT(EM_DIAGRAM):   run;

NOTE: The file WORK.REG_DMDB (memtype=DATA) was not found, but appears on a DELETE statement.
21789      quit;
MPRINT(EM_DIAGRAM):   quit;

NOTE: PROCEDURE DATASETS used (Total process time):
      real time           0.01 seconds
      cpu time            0.01 seconds
      

21790      proc datasets lib=WORK nolist;
MPRINT(EM_DIAGRAM):    proc datasets lib=WORK nolist;
21791      delete Reg_DMDB / memtype=catalog;
MPRINT(EM_DIAGRAM):   delete Reg_DMDB / memtype=catalog;
21792      run;
MPRINT(EM_DIAGRAM):   run;

NOTE: Deleting WORK.REG_DMDB (memtype=CATALOG).
21793      quit;
MPRINT(EM_DIAGRAM):   quit;

NOTE: PROCEDURE DATASETS used (Total process time):
      real time           0.01 seconds
      cpu time            0.03 seconds
      

21794      data WORK.ESTIMATE;
MPRINT(EM_DIAGRAM):    data WORK.ESTIMATE;
21795      length _NAME_ $32;
MPRINT(EM_DIAGRAM):   length _NAME_ $32;
21796      set EMWS2.Reg_EMESTIMATE;
MPRINT(EM_DIAGRAM):   set EMWS2.Reg_EMESTIMATE;
21797      drop _AIC_--_VSUMW_
21798      ;
MPRINT(EM_DIAGRAM):   drop _AIC_--_VSUMW_ ;
21799      where _CHOSEN_ ne '' and _TYPE_ in('PARMS', 'T', 'P');
MPRINT(EM_DIAGRAM):   where _CHOSEN_ ne '' and _TYPE_ in('PARMS', 'T', 'P');
21800      drop _STEP_ _CHOSEN_;
MPRINT(EM_DIAGRAM):   drop _STEP_ _CHOSEN_;
21801      select(_TYPE_);
MPRINT(EM_DIAGRAM):   select(_TYPE_);
21802      when('PARMS') _NAME_='Coefficient';
MPRINT(EM_DIAGRAM):   when('PARMS') _NAME_='Coefficient';
21803      when('T') _NAME_='tValue';
MPRINT(EM_DIAGRAM):   when('T') _NAME_='tValue';
21804      when('P') _NAME_='PValue';
MPRINT(EM_DIAGRAM):   when('P') _NAME_='PValue';
21805      otherwise;
MPRINT(EM_DIAGRAM):   otherwise;
21806      end;
MPRINT(EM_DIAGRAM):   end;
21807      run;
MPRINT(EM_DIAGRAM):   run;

NOTE: There were 3 observations read from the data set EMWS2.REG_EMESTIMATE.
      WHERE (_CHOSEN_ not = ' ') and _TYPE_ in ('P', 'PARMS', 'T');
NOTE: The data set WORK.ESTIMATE has 3 observations and 362 variables.
NOTE: DATA statement used (Total process time):
      real time           0.01 seconds
      cpu time            0.01 seconds
      

21808      proc transpose data=WORK.ESTIMATE out=WORK.ESTIMATE(rename=(_NAME_=Effect));
MPRINT(EM_DIAGRAM):   proc transpose data=WORK.ESTIMATE out=WORK.ESTIMATE(rename=(_NAME_=Effect));
21809      run;
MPRINT(EM_DIAGRAM):   run;

NOTE: There were 3 observations read from the data set WORK.ESTIMATE.
NOTE: The data set WORK.ESTIMATE has 360 observations and 5 variables.
NOTE: PROCEDURE TRANSPOSE used (Total process time):
      real time           0.02 seconds
      cpu time            0.03 seconds
      

21810      proc transpose data=EMWS2.Reg_MAPDS out=WORK.MAP(rename=(_NAME_=Effect INPUT=Variable
21811      ));
MPRINT(EM_DIAGRAM):   proc transpose data=EMWS2.Reg_MAPDS out=WORK.MAP(rename=(_NAME_=Effect INPUT=Variable ));
21812      var 'PWR_displacement'n--'originorigin'n;
MPRINT(EM_DIAGRAM):   var 'PWR_displacement'n--'originorigin'n;
21813      run;
MPRINT(EM_DIAGRAM):   run;

NOTE: There were 2 observations read from the data set EMWS2.REG_MAPDS.
NOTE: The data set WORK.MAP has 359 observations and 4 variables.
NOTE: PROCEDURE TRANSPOSE used (Total process time):
      real time           0.02 seconds
      cpu time            0.01 seconds
      

21814      proc sort data=WORK.MAP;
MPRINT(EM_DIAGRAM):   proc sort data=WORK.MAP;
21815      by Effect;
MPRINT(EM_DIAGRAM):   by Effect;
21816      run;
MPRINT(EM_DIAGRAM):   run;

NOTE: There were 359 observations read from the data set WORK.MAP.
NOTE: The data set WORK.MAP has 359 observations and 4 variables.
NOTE: PROCEDURE SORT used (Total process time):
      real time           0.01 seconds
      cpu time            0.00 seconds
      

21817      proc sort data=WORK.ESTIMATE;
MPRINT(EM_DIAGRAM):   proc sort data=WORK.ESTIMATE;
21818      by Effect;
MPRINT(EM_DIAGRAM):   by Effect;
21819      run;
MPRINT(EM_DIAGRAM):   run;

NOTE: There were 360 observations read from the data set WORK.ESTIMATE.
NOTE: The data set WORK.ESTIMATE has 360 observations and 5 variables.
NOTE: PROCEDURE SORT used (Total process time):
      real time           0.01 seconds
      cpu time            0.00 seconds
      

21820      data EMWS2.Reg_EFFECTS(rename=(_LABEL_=EffectLabel));
MPRINT(EM_DIAGRAM):   data EMWS2.Reg_EFFECTS(rename=(_LABEL_=EffectLabel));
21821      length Variable ClassLevel $32;
MPRINT(EM_DIAGRAM):   length Variable ClassLevel $32;
21822      merge WORK.ESTIMATE WORK.MAP;
MPRINT(EM_DIAGRAM):   merge WORK.ESTIMATE WORK.MAP;
21823      by Effect;
MPRINT(EM_DIAGRAM):   by Effect;
21824      label Effect = "%sysfunc(sasmsg(sashelp.dmine, rpt_effect_vlabel, NOQUOTE))" Variable = "%sysfunc(sasmsg(sashelp.dmine, rpt_variable_vlabel, NOQUOTE))" Sign = "%sysfunc(sasmsg(sashelp.dmine, rpt_sign_vlabel, NOQUOTE))" ClassLevel =
21825         "%sysfunc(sasmsg(sashelp.dmine, rpt_level_vlabel, NOQUOTE))" Abscoefficient = "%sysfunc(sasmsg(sashelp.dmine, rpt_abscoefficient_vlabel, NOQUOTE))" Coefficient = "%sysfunc(sasmsg(sashelp.dmine, rpt_coefficient_vlabel, NOQUOTE))" _LABEL_ =
21826         "%sysfunc(sasmsg(sashelp.dmine, rpt_effectLabel_vlabel, NOQUOTE))" CODE = "%sysfunc(sasmsg(sashelp.dmine, rpt_scorecodevar_vlabel, NOQUOTE))";
MPRINT(EM_DIAGRAM):   label Effect = "Effect" Variable = "Variable" Sign = "Sign" ClassLevel = "Level" Abscoefficient = "Absolute Coefficient" Coefficient = "Coefficient" _LABEL_ = "Effect Label" CODE = "Score Code Variable";
21827      label tvalue = "%sysfunc(sasmsg(sashelp.dmine, rpt_tvalue_vlabel,         NOQUOTE))" abstvalue = "%sysfunc(sasmsg(sashelp.dmine, rpt_absoluteTvalue_vlabel, NOQUOTE))" PValue = "%sysfunc(sasmsg(sashelp.dmine, rpt_pvalue_vlabel,         NOQUOTE))"
21827    ! ;
MPRINT(EM_DIAGRAM):   label tvalue = "T-value" abstvalue = "Absolute T-value" PValue = "P Value";
21828      abstvalue = abs(tValue);
MPRINT(EM_DIAGRAM):   abstvalue = abs(tValue);
21829      if index(Effect, 'Intercept') then do;
MPRINT(EM_DIAGRAM):   if index(Effect, 'Intercept') then do;
21830      variable = 'Intercept';
MPRINT(EM_DIAGRAM):   variable = 'Intercept';
21831      classLevel = scan(_LABEL_, 2, '=');
MPRINT(EM_DIAGRAM):   classLevel = scan(_LABEL_, 2, '=');
21832      end;
MPRINT(EM_DIAGRAM):   end;
21833      if ^indexc(variable, '*') then do;
MPRINT(EM_DIAGRAM):   if ^indexc(variable, '*') then do;
21834      if length(effect)>length(variable) then classlevel = substr(Effect, length(variable)+1);
MPRINT(EM_DIAGRAM):   if length(effect)>length(variable) then classlevel = substr(Effect, length(variable)+1);
21835      end;
MPRINT(EM_DIAGRAM):   end;
21836      if Effect eq '' then Effect = Variable;
MPRINT(EM_DIAGRAM):   if Effect eq '' then Effect = Variable;
21837      if coefficient < 0 then sign = '-';
MPRINT(EM_DIAGRAM):   if coefficient < 0 then sign = '-';
21838      else sign = '+';
MPRINT(EM_DIAGRAM):   else sign = '+';
21839      abscoefficient = abs(coefficient);
MPRINT(EM_DIAGRAM):   abscoefficient = abs(coefficient);
21840      if _LABEL_ = '' then _LABEL_ = Effect;
MPRINT(EM_DIAGRAM):   if _LABEL_ = '' then _LABEL_ = Effect;
21841      if coefficient ne . then output;
MPRINT(EM_DIAGRAM):   if coefficient ne . then output;
21842      run;
MPRINT(EM_DIAGRAM):   run;

NOTE: Missing values were generated as a result of performing an operation on missing values.
      Each place is given by: (Number of times) at (Line):(Column).
      356 at 21828:13   356 at 21839:18   
NOTE: There were 360 observations read from the data set WORK.ESTIMATE.
NOTE: There were 359 observations read from the data set WORK.MAP.
NOTE: The data set EMWS2.REG_EFFECTS has 4 observations and 11 variables.
NOTE: DATA statement used (Total process time):
      real time           0.07 seconds
      cpu time            0.07 seconds
      

21843      proc sort data =EMWS2.Reg_EFFECTS;
MPRINT(EM_DIAGRAM):    proc sort data =EMWS2.Reg_EFFECTS;
21844      by
21845      descending abstvalue;
MPRINT(EM_DIAGRAM):   by descending abstvalue;
21846      run;
MPRINT(EM_DIAGRAM):   run;

NOTE: There were 4 observations read from the data set EMWS2.REG_EFFECTS.
NOTE: The data set EMWS2.REG_EFFECTS has 4 observations and 11 variables.
NOTE: PROCEDURE SORT used (Total process time):
      real time           0.01 seconds
      cpu time            0.00 seconds
      

21847      data EMWS2.Reg_EFFECTS;
MPRINT(EM_DIAGRAM):   data EMWS2.Reg_EFFECTS;
21848      set EMWS2.Reg_EFFECTS;
MPRINT(EM_DIAGRAM):   set EMWS2.Reg_EFFECTS;
21849      format TEffectNum 3.;
MPRINT(EM_DIAGRAM):   format TEffectNum 3.;
21850      label TEffectNum = "%sysfunc(sasmsg(sashelp.dmine, rpt_teffectnum_vlabel, NOQUOTE))";
MPRINT(EM_DIAGRAM):   label TEffectNum = "TScore Number";
21851      retain TEffectNum;
MPRINT(EM_DIAGRAM):   retain TEffectNum;
21852      TEffectNum = _N_;
MPRINT(EM_DIAGRAM):   TEffectNum = _N_;
21853      run;
MPRINT(EM_DIAGRAM):   run;

NOTE: There were 4 observations read from the data set EMWS2.REG_EFFECTS.
NOTE: The data set EMWS2.REG_EFFECTS has 4 observations and 12 variables.
NOTE: DATA statement used (Total process time):
      real time           0.02 seconds
      cpu time            0.03 seconds
      

21854      proc sort data =EMWS2.Reg_EFFECTS;
MPRINT(EM_DIAGRAM):    proc sort data =EMWS2.Reg_EFFECTS;
21855      by
21856      descending absCoefficient;
MPRINT(EM_DIAGRAM):   by descending absCoefficient;
21857      run;
MPRINT(EM_DIAGRAM):   run;

NOTE: There were 4 observations read from the data set EMWS2.REG_EFFECTS.
NOTE: The data set EMWS2.REG_EFFECTS has 4 observations and 12 variables.
NOTE: PROCEDURE SORT used (Total process time):
      real time           0.01 seconds
      cpu time            0.01 seconds
      

21858      data EMWS2.Reg_EFFECTS;
MPRINT(EM_DIAGRAM):   data EMWS2.Reg_EFFECTS;
21859      set EMWS2.Reg_EFFECTS;
MPRINT(EM_DIAGRAM):   set EMWS2.Reg_EFFECTS;
21860      format EffectNum 3.;
MPRINT(EM_DIAGRAM):   format EffectNum 3.;
21861      label EffectNum = "%sysfunc(sasmsg(sashelp.dmine, rpt_effectnum_vlabel, NOQUOTE))";
MPRINT(EM_DIAGRAM):   label EffectNum = "Effect Number";
21862      retain EffectNum;
MPRINT(EM_DIAGRAM):   retain EffectNum;
21863      EffectNum = _N_;
MPRINT(EM_DIAGRAM):   EffectNum = _N_;
21864      run;
MPRINT(EM_DIAGRAM):   run;

NOTE: There were 4 observations read from the data set EMWS2.REG_EFFECTS.
NOTE: The data set EMWS2.REG_EFFECTS has 4 observations and 13 variables.
NOTE: DATA statement used (Total process time):
      real time           0.02 seconds
      cpu time            0.03 seconds
      

21865      proc transpose data=EMWS2.Reg_EMESTIMATE out=EMWS2.Reg_ESTIMATEGRID(rename=(PARMS=Coefficient T=TValue _NAME_=Effect _LABEL_=EffectLabel));
MPRINT(EM_DIAGRAM):    proc transpose data=EMWS2.Reg_EMESTIMATE out=EMWS2.Reg_ESTIMATEGRID(rename=(PARMS=Coefficient T=TValue _NAME_=Effect _LABEL_=EffectLabel));
21866      where _CHOSEN_ eq '' and _TYPE_ in('PARMS', 'T', 'P');
MPRINT(EM_DIAGRAM):   where _CHOSEN_ eq '' and _TYPE_ in('PARMS', 'T', 'P');
21867      var 'PWR_displacement'n--'originorigin'n;
MPRINT(EM_DIAGRAM):   var 'PWR_displacement'n--'originorigin'n;
21868      by _STEP_;
MPRINT(EM_DIAGRAM):   by _STEP_;
21869      id _TYPE_;
MPRINT(EM_DIAGRAM):   id _TYPE_;
21870      run;
MPRINT(EM_DIAGRAM):   run;

NOTE: There were 63 observations read from the data set EMWS2.REG_EMESTIMATE.
      WHERE (_CHOSEN_=' ') and _TYPE_ in ('P', 'PARMS', 'T');
NOTE: The data set EMWS2.REG_ESTIMATEGRID has 7539 observations and 6 variables.
NOTE: PROCEDURE TRANSPOSE used (Total process time):
      real time           0.03 seconds
      cpu time            0.04 seconds
      

21871      data EMWS2.Reg_ESTIMATEGRID;
MPRINT(EM_DIAGRAM):    data EMWS2.Reg_ESTIMATEGRID;
21872      set EMWS2.Reg_ESTIMATEGRID;
MPRINT(EM_DIAGRAM):   set EMWS2.Reg_ESTIMATEGRID;
21873      if EffectLabel eq '' then EffectLabel = Effect;
MPRINT(EM_DIAGRAM):   if EffectLabel eq '' then EffectLabel = Effect;
21874      label EffectLabel = "%sysfunc(sasmsg(sashelp.dmine, rpt_effectLabel_vlabel, NOQUOTE))" Effect = "%sysfunc(sasmsg(sashelp.dmine, rpt_effect_vlabel, NOQUOTE))" Abscoefficient = "%sysfunc(sasmsg(sashelp.dmine, rpt_abscoefficient_vlabel, NOQUOTE))"
21875         Coefficient = "%sysfunc(sasmsg(sashelp.dmine, rpt_coefficient_vlabel, NOQUOTE))" tvalue = "%sysfunc(sasmsg(sashelp.dmine, rpt_tvalue_vlabel,         NOQUOTE))" abstvalue = "%sysfunc(sasmsg(sashelp.dmine, rpt_absoluteTvalue_vlabel, NOQUOTE))"
21875    ! PValue =
21876         "%sysfunc(sasmsg(sashelp.dmine, rpt_pvalue_vlabel,         NOQUOTE))";
MPRINT(EM_DIAGRAM):   label EffectLabel = "Effect Label" Effect = "Effect" Abscoefficient = "Absolute Coefficient" Coefficient = "Coefficient" tvalue = "T-value" abstvalue = "Absolute T-value" PValue = "P Value";
21877      AbsCoefficient = abs(Coefficient);
MPRINT(EM_DIAGRAM):   AbsCoefficient = abs(Coefficient);
21878      AbsTValue = abs(TValue);
MPRINT(EM_DIAGRAM):   AbsTValue = abs(TValue);
21879      where coefficient ne .;
MPRINT(EM_DIAGRAM):   where coefficient ne .;
21880      run;
MPRINT(EM_DIAGRAM):   run;

NOTE: Variable PValue is uninitialized.
NOTE: There were 4335 observations read from the data set EMWS2.REG_ESTIMATEGRID.
      WHERE coefficient not = .;
NOTE: The data set EMWS2.REG_ESTIMATEGRID has 4335 observations and 8 variables.
NOTE: DATA statement used (Total process time):
      real time           0.07 seconds
      cpu time            0.04 seconds
      

MPRINT(EM_DIAGRAM):    proc printto;
MPRINT(EM_DIAGRAM):   run;
