MPRINT(EM_DIAGRAM):    data _null_;
MPRINT(EM_DIAGRAM):   call symput('NLDATE', strip(put(date(), NLDATE.)));
MPRINT(EM_DIAGRAM):   call symput('NLTIME', strip(put(datetime(), NLTIME.)));
MPRINT(EM_DIAGRAM):   run;
MPRINT(EM_DIAGRAM):   data _null_;
MPRINT(EM_DIAGRAM):   nldate= sasmsg("sashelp.dmine", "log_date_note", 'N', "August 11, 2022" );
MPRINT(EM_DIAGRAM):   nltime= sasmsg("sashelp.dmine", "log_time_note", 'N', "16:54:27" );
MPRINT(EM_DIAGRAM):   put "*------------------------------------------------------------*";
MPRINT(EM_DIAGRAM):   put "* Training Log";
MPRINT(EM_DIAGRAM):   put nldate;
MPRINT(EM_DIAGRAM):   put nltime;
MPRINT(EM_DIAGRAM):   put "*------------------------------------------------------------*";
MPRINT(EM_DIAGRAM):   run;
*------------------------------------------------------------*
* Training Log
Date:                August 11, 2022
Time:                16:54:27
*------------------------------------------------------------*
MPRINT(EM_DIAGRAM):    filename O1UWBVKA "C:\Users\AutoLogon\Desktop\Roshan Seneca\SEM 2\ROSHAN SEM 2\BAN 210\Final Project\Final Project-Roshan Nair\Workspaces\EMWS2\Impt\EMTRAIN.out" encoding="UTF-8" NOBOM;
MPRINT(EM_DIAGRAM):   proc printto print=O1UWBVKA new;
MPRINT(EM_DIAGRAM):   run;
MPRINT(EM_DIAGRAM):    filename _LOG "C:\Users\AutoLogon\Desktop\Roshan Seneca\SEM 2\ROSHAN SEM 2\BAN 210\Final Project\Final Project-Roshan Nair\Workspaces\EMWS2\Impt\EMLOG.log" encoding="UTF-8" NOBOM;
MPRINT(EM_DIAGRAM):    data _null_;
MPRINT(EM_DIAGRAM):   call symput('NLDATE', strip(put(date(), NLDATE.)));
MPRINT(EM_DIAGRAM):   call symput('NLTIME', strip(put(datetime(), NLTIME.)));
MPRINT(EM_DIAGRAM):   run;
MPRINT(EM_DIAGRAM):   data _null_;
MPRINT(EM_DIAGRAM):   nldate= sasmsg("sashelp.dmine", "log_date_note", 'N', "August 11, 2022" );
MPRINT(EM_DIAGRAM):   nltime= sasmsg("sashelp.dmine", "log_time_note", 'N', "16:54:27" );
MPRINT(EM_DIAGRAM):   file _LOG;
MPRINT(EM_DIAGRAM):   put "*------------------------------------------------------------*";
MPRINT(EM_DIAGRAM):   put "User:                AutoLogon";
MPRINT(EM_DIAGRAM):   put nldate;
MPRINT(EM_DIAGRAM):   put nltime;
MPRINT(EM_DIAGRAM):   put "Site:                70192439";
MPRINT(EM_DIAGRAM):   put "Platform:            X64_8PRO";
MPRINT(EM_DIAGRAM):   put "Maintenance Release: 9.04.01M3P062415";
MPRINT(EM_DIAGRAM):   put "EM Version:          14.1";
MPRINT(EM_DIAGRAM):   put "* ";
MPRINT(EM_DIAGRAM):   run;
MPRINT(EM_DIAGRAM):    filename _LOGIN "C:\Users\AutoLogon\Desktop\Roshan Seneca\SEM 2\ROSHAN SEM 2\BAN 210\Final Project\Final Project-Roshan Nair\Workspaces\EMWS2\Impt\EMTRAIN.log" encoding="UTF-8" NOBOM;
MPRINT(EM_COPYFILE):   data _null_;
MPRINT(EM_COPYFILE):   length line $20000;
MPRINT(EM_COPYFILE):   file _LOG MOD lrecl=20000;
MPRINT(EM_COPYFILE):   fid=fopen("_LOGIN",'i',20000,'v');
MPRINT(EM_COPYFILE):   if fid > 0 then do;
MPRINT(EM_COPYFILE):   do while(^fread(fid));
MPRINT(EM_COPYFILE):   rlen = frlen(fid);
MPRINT(EM_COPYFILE):   rc= fget(fid,line,20000);
MPRINT(EM_COPYFILE):   start = length(line)-length(left(line))+1;
MPRINT(EM_COPYFILE):   line=strip(line);
MPRINT(EM_COPYFILE):   put @start line;
MPRINT(EM_COPYFILE):   end;
MPRINT(EM_COPYFILE):   if fid > 0 then rc=fclose(fid);
MPRINT(EM_COPYFILE):   end;
MPRINT(EM_COPYFILE):   run;
MPRINT(EM_DIAGRAM):  ;
MPRINT(EM_DIAGRAM):   filename _LOGIN;
MPRINT(EM_DIAGRAM):    data _null_;
MPRINT(EM_DIAGRAM):   file _LOG mod;
MPRINT(EM_DIAGRAM):   put _page_;
MPRINT(EM_DIAGRAM):   run;
MPRINT(EM_DIAGRAM):   filename _LOGIN "C:\Users\AutoLogon\Desktop\Roshan Seneca\SEM 2\ROSHAN SEM 2\BAN 210\Final Project\Final Project-Roshan Nair\Workspaces\EMWS2\Impt\EMSCORE.log" encoding="UTF-8" NOBOM;
MPRINT(EM_DIAGRAM):  ;
MPRINT(EM_DIAGRAM):   data _null_;
MPRINT(EM_DIAGRAM):   file _LOG mod;
MPRINT(EM_DIAGRAM):   put _page_;
MPRINT(EM_DIAGRAM):   run;
MPRINT(EM_DIAGRAM):    filename _LOGIN "C:\Users\AutoLogon\Desktop\Roshan Seneca\SEM 2\ROSHAN SEM 2\BAN 210\Final Project\Final Project-Roshan Nair\Workspaces\EMWS2\Impt\EMREPORT.log" encoding="UTF-8" NOBOM;
MPRINT(EM_DIAGRAM):  ;
MPRINT(EM_DIAGRAM):   filename _LOGIN;
MPRINT(EM_DIAGRAM):    filename _LOG;
MPRINT(EM_DIAGRAM):    filename _OUT "C:\Users\AutoLogon\Desktop\Roshan Seneca\SEM 2\ROSHAN SEM 2\BAN 210\Final Project\Final Project-Roshan Nair\Workspaces\EMWS2\Impt\EMOUTPUT.out" encoding="UTF-8" NOBOM;
MPRINT(EM_DIAGRAM):    data _null_;
MPRINT(EM_DIAGRAM):   call symput('NLDATE', strip(put(date(), NLDATE.)));
MPRINT(EM_DIAGRAM):   call symput('NLTIME', strip(put(datetime(), NLTIME.)));
MPRINT(EM_DIAGRAM):   run;
MPRINT(EM_DIAGRAM):   data _null_;
MPRINT(EM_DIAGRAM):   nldate= sasmsg("sashelp.dmine", "log_date_note", 'N', "August 11, 2022" );
MPRINT(EM_DIAGRAM):   nltime= sasmsg("sashelp.dmine", "log_time_note", 'N', "16:54:27" );
MPRINT(EM_DIAGRAM):   file _OUT;
MPRINT(EM_DIAGRAM):   put "*------------------------------------------------------------*";
MPRINT(EM_DIAGRAM):   put "User:                AutoLogon";
MPRINT(EM_DIAGRAM):   put nldate;
MPRINT(EM_DIAGRAM):   put nltime;
MPRINT(EM_DIAGRAM):   put "*------------------------------------------------------------*";
MPRINT(EM_DIAGRAM):   put "* Training Output";
MPRINT(EM_DIAGRAM):   put "*------------------------------------------------------------*";
MPRINT(EM_DIAGRAM):   run;
MPRINT(EM_DIAGRAM):    filename _OUTIN "C:\Users\AutoLogon\Desktop\Roshan Seneca\SEM 2\ROSHAN SEM 2\BAN 210\Final Project\Final Project-Roshan Nair\Workspaces\EMWS2\Impt\EMTRAIN.out" encoding="UTF-8" NOBOM;
MPRINT(EM_DIAGRAM):   ;
MPRINT(EM_COPYFILE):   data _null_;
MPRINT(EM_COPYFILE):   length line $20000;
MPRINT(EM_COPYFILE):   file _OUT MOD lrecl=20000;
MPRINT(EM_COPYFILE):   fid=fopen("_OUTIN",'i',20000,'v');
MPRINT(EM_COPYFILE):   if fid > 0 then do;
MPRINT(EM_COPYFILE):   do while(^fread(fid));
MPRINT(EM_COPYFILE):   rlen = frlen(fid);
MPRINT(EM_COPYFILE):   rc= fget(fid,line,20000);
MPRINT(EM_COPYFILE):   start = length(line)-length(left(line))+1;
MPRINT(EM_COPYFILE):   line=strip(line);
MPRINT(EM_COPYFILE):   put @start line;
MPRINT(EM_COPYFILE):   end;
MPRINT(EM_COPYFILE):   if fid > 0 then rc=fclose(fid);
MPRINT(EM_COPYFILE):   end;
MPRINT(EM_COPYFILE):   run;
MPRINT(EM_DIAGRAM):  ;
MPRINT(EM_DIAGRAM):   filename _OUTIN;
MPRINT(EM_DIAGRAM):    data _null_;
MPRINT(EM_DIAGRAM):   file _OUT mod;
MPRINT(EM_DIAGRAM):   put _page_;
MPRINT(EM_DIAGRAM):   put // "*------------------------------------------------------------*";
MPRINT(EM_DIAGRAM):   put "* Score Output";
MPRINT(EM_DIAGRAM):   put "*------------------------------------------------------------*";
MPRINT(EM_DIAGRAM):   run;
MPRINT(EM_DIAGRAM):    filename _OUTIN "C:\Users\AutoLogon\Desktop\Roshan Seneca\SEM 2\ROSHAN SEM 2\BAN 210\Final Project\Final Project-Roshan Nair\Workspaces\EMWS2\Impt\EMSCORE.out" encoding="UTF-8" NOBOM;
MPRINT(EM_DIAGRAM):  ;
MPRINT(EM_DIAGRAM):   filename _OUTIN;
MPRINT(EM_DIAGRAM):    data _null_;
MPRINT(EM_DIAGRAM):   file _OUT mod;
MPRINT(EM_DIAGRAM):   put _page_;
MPRINT(EM_DIAGRAM):   put // "*------------------------------------------------------------*";
MPRINT(EM_DIAGRAM):   put "* Report Output";
MPRINT(EM_DIAGRAM):   put "*------------------------------------------------------------*";
MPRINT(EM_DIAGRAM):   run;
MPRINT(EM_DIAGRAM):    filename _OUTIN "C:\Users\AutoLogon\Desktop\Roshan Seneca\SEM 2\ROSHAN SEM 2\BAN 210\Final Project\Final Project-Roshan Nair\Workspaces\EMWS2\Impt\EMREPORT.out" encoding="UTF-8" NOBOM;
MPRINT(EM_DIAGRAM):  ;
MPRINT(EM_DIAGRAM):   filename _OUTIN;
MPRINT(EM_DIAGRAM):    filename _OUT;
MPRINT(EM_DIAGRAM):    filename _emtool_ 'C:\Users\AutoLogon\Desktop\Roshan Seneca\SEM 2\ROSHAN SEM 2\BAN 210\Final Project\Final Project-Roshan Nair\Workspaces\EMWS2\Impt\EMRUNSTATUS.xml' encoding="UTF-8" NOBOM;
MPRINT(EM_DIAGRAM):    filename _emtool_ 'C:\Users\AutoLogon\Desktop\Roshan Seneca\SEM 2\ROSHAN SEM 2\BAN 210\Final Project\Final Project-Roshan Nair\Workspaces\EMWS2\Impt\EMRUNSTATUS.xml' encoding="UTF-8" NOBOM;
21434      proc freq data=EMWS2.Impt_VariableSet noprint;
MPRINT(EM_DIAGRAM):    proc freq data=EMWS2.Impt_VariableSet noprint;
21435      table ROLE*LEVEL/out=WORK.ImptMETA;
MPRINT(EM_DIAGRAM):   table ROLE*LEVEL/out=WORK.ImptMETA;
21436      run;
MPRINT(EM_DIAGRAM):   run;

NOTE: There were 9 observations read from the data set EMWS2.IMPT_VARIABLESET.
NOTE: The data set WORK.IMPTMETA has 3 observations and 4 variables.
NOTE: PROCEDURE FREQ used (Total process time):
      real time           0.07 seconds
      cpu time            0.04 seconds
      

21437      proc print data=WORK.ImptMETA label noobs;
MPRINT(EM_DIAGRAM):   proc print data=WORK.ImptMETA label noobs;
21438      var ROLE LEVEL COUNT;
MPRINT(EM_DIAGRAM):   var ROLE LEVEL COUNT;
21439      label ROLE = "%sysfunc(sasmsg(sashelp.dmine, meta_role_vlabel, NOQUOTE))" LEVEL = "%sysfunc(sasmsg(sashelp.dmine, meta_level_vlabel, NOQUOTE))" COUNT = "%sysfunc(sasmsg(sashelp.dmine, rpt_count_vlabel, NOQUOTE))";
MPRINT(EM_DIAGRAM):   label ROLE = "Role" LEVEL = "Measurement Level" COUNT = "Frequency Count";
21440      title9 ' ';
MPRINT(EM_DIAGRAM):   title9 ' ';
21441      title10 "%sysfunc(sasmsg(sashelp.dmine, rpt_varSummary_title  , NOQUOTE))";
MPRINT(EM_DIAGRAM):   title10 "Variable Summary";
MPRINT(EM_DIAGRAM):   run;
21442      run;

NOTE: There were 3 observations read from the data set WORK.IMPTMETA.
NOTE: The PROCEDURE PRINT printed page 1.
NOTE: PROCEDURE PRINT used (Total process time):
      real time           0.05 seconds
      cpu time            0.03 seconds
      

21443      title10;
MPRINT(EM_DIAGRAM):   title10;
MPRINT(EM_DIAGRAM):    *------------------------------------------------------------*;
MPRINT(EM_DIAGRAM):   * Impt: Preparing metadata for training;
MPRINT(EM_DIAGRAM):   ;
MPRINT(EM_DIAGRAM):   *------------------------------------------------------------*;
MPRINT(EM_DIAGRAM):   data WORK.M2X_WUZV;
MPRINT(EM_DIAGRAM):   set WORK.M2X_WUZV;
MPRINT(EM_DIAGRAM):   where(use = 'Y' or (ROLE ne 'REJECTED' and USE = 'D'));
MPRINT(EM_DIAGRAM):   if (role = 'REJECTED') then role = 'INPUT';
MPRINT(EM_DIAGRAM):   if role = 'INPUT' and METHOD='DEFAULT' then do;
MPRINT(EM_DIAGRAM):   if level ne 'INTERVAL' then METHOD = "TREESURR";
MPRINT(EM_DIAGRAM):   else METHOD = "TREESURR";
MPRINT(EM_DIAGRAM):   end;
MPRINT(EM_DIAGRAM):   else if role = 'TARGET' and METHOD='DEFAULT' then do;
MPRINT(EM_DIAGRAM):   if level ne 'INTERVAL' then METHOD = "NONE";
MPRINT(EM_DIAGRAM):   else METHOD = "NONE";
MPRINT(EM_DIAGRAM):   end;
MPRINT(EM_DIAGRAM):   run;
21461      data WORK.Impt_TREEINPUTS;
MPRINT(EM_DIAGRAM):    data WORK.Impt_TREEINPUTS;
21462      set WORK.M0PEP5LQ;
MPRINT(EM_DIAGRAM):   set WORK.M0PEP5LQ;
21463      if ROLE ne 'FREQ' then do;
MPRINT(EM_DIAGRAM):   if ROLE ne 'FREQ' then do;
21464      if ((ROLE in('TARGET','REJECTED') and useTree='D') or useTree='N') then delete;
MPRINT(EM_DIAGRAM):   if ((ROLE in('TARGET','REJECTED') and useTree='D') or useTree='N') then delete;
21465      ROLE = 'INPUT';
MPRINT(EM_DIAGRAM):   ROLE = 'INPUT';
21466      end;
MPRINT(EM_DIAGRAM):   end;
21467      run;
MPRINT(EM_DIAGRAM):   run;

NOTE: There were 9 observations read from the data set WORK.M0PEP5LQ.
NOTE: The data set WORK.IMPT_TREEINPUTS has 8 observations and 23 variables.
NOTE: DATA statement used (Total process time):
      real time           0.03 seconds
      cpu time            0.03 seconds
      

21468      data WORK.M0PEP5LQ;
MPRINT(EM_DIAGRAM):   data WORK.M0PEP5LQ;
21469      set WORK.M0PEP5LQ;
MPRINT(EM_DIAGRAM):   set WORK.M0PEP5LQ;
21470      if METHOD in("TREE", "TREESURR") then role = 'TARGET';
MPRINT(EM_DIAGRAM):   if METHOD in("TREE", "TREESURR") then role = 'TARGET';
21471      else if (role = 'REJECTED') then role = 'INPUT';
MPRINT(EM_DIAGRAM):   else if (role = 'REJECTED') then role = 'INPUT';
21472      run;
MPRINT(EM_DIAGRAM):   run;

NOTE: There were 9 observations read from the data set WORK.M0PEP5LQ.
NOTE: The data set WORK.M0PEP5LQ has 9 observations and 23 variables.
NOTE: DATA statement used (Total process time):
      real time           0.02 seconds
      cpu time            0.03 seconds
      

21473      *------------------------------------------------------------* ;
MPRINT(EM_DIAGRAM):    *------------------------------------------------------------* ;
21474      * Impt: DMDBClass Macro ;
MPRINT(EM_DIAGRAM):   * Impt: DMDBClass Macro ;
21475      *------------------------------------------------------------* ;
MPRINT(EM_DIAGRAM):   *------------------------------------------------------------* ;
21476      %macro DMDBClass;
21477          car_name(DESC) horsepower(DESC)
21478      %mend DMDBClass;
21479      *------------------------------------------------------------* ;
MPRINT(EM_DIAGRAM):   *------------------------------------------------------------* ;
21480      * Impt: DMDBVar Macro ;
MPRINT(EM_DIAGRAM):   * Impt: DMDBVar Macro ;
21481      *------------------------------------------------------------* ;
MPRINT(EM_DIAGRAM):   *------------------------------------------------------------* ;
21482      %macro DMDBVar;
21483          PWR_displacement SQRT_cylinders SQRT_weight acceleration model mpg origin
21484      %mend DMDBVar;
21485      *------------------------------------------------------------*;
MPRINT(EM_DIAGRAM):   *------------------------------------------------------------*;
21486      * Impt: Create DMDB;
MPRINT(EM_DIAGRAM):   * Impt: Create DMDB;
21487      *------------------------------------------------------------*;
MPRINT(EM_DIAGRAM):   *------------------------------------------------------------*;
21488      proc dmdb batch data=EMWS2.Trans_TRAIN
21489      dmdbcat=WORK.Impt_DMDB
21490      classout=WORK.Impt_DMDBCLASSOUT
21491      varout=WORK.IMPUTE_0ZSG7UJ_DMDBVAROUT
21492      maxlevel = 513
21493      ;
MPRINT(EM_DIAGRAM):   proc dmdb batch data=EMWS2.Trans_TRAIN dmdbcat=WORK.Impt_DMDB classout=WORK.Impt_DMDBCLASSOUT varout=WORK.IMPUTE_0ZSG7UJ_DMDBVAROUT maxlevel = 513 ;
MPRINT(EM_DIAGRAM):   class
21494      class %DMDBClass;
MPRINT(DMDBCLASS):   car_name(DESC) horsepower(DESC)
MPRINT(EM_DIAGRAM):  ;
MPRINT(EM_DIAGRAM):   var
21495      var %DMDBVar;
MPRINT(DMDBVAR):   PWR_displacement SQRT_cylinders SQRT_weight acceleration model mpg origin
MPRINT(EM_DIAGRAM):  ;
21496      target
21497      PWR_displacement
21498      SQRT_cylinders
21499      SQRT_weight
21500      acceleration
21501      car_name
21502      horsepower
21503      model
21504      mpg
21505      origin
21506      ;
MPRINT(EM_DIAGRAM):   target PWR_displacement SQRT_cylinders SQRT_weight acceleration car_name horsepower model mpg origin ;
21507      run;
MPRINT(EM_DIAGRAM):   run;

NOTE: Records processed = 318   Memory used = 511K.
NOTE: View EMWS2.TRANS_TRAIN.VIEW used (Total process time):
      real time           0.06 seconds
      cpu time            0.06 seconds
      
NOTE: There were 318 observations read from the data set EMWS2.PART_TRAIN.
NOTE: There were 318 observations read from the data set EMWS2.TRANS_TRAIN.
NOTE: The data set WORK.IMPT_DMDBCLASSOUT has 334 observations and 9 variables.
NOTE: The data set WORK.IMPUTE_0ZSG7UJ_DMDBVAROUT has 7 observations and 9 variables.
NOTE: PROCEDURE DMDB used (Total process time):
      real time           0.07 seconds
      cpu time            0.07 seconds
      

MPRINT(EM_DIAGRAM):   quit;
MPRINT(EM_DIAGRAM):   *--- end code ---*;
21508      quit;
21509      *--- end code ---*;

21510      proc sort data=WORK.Impt_DMDBCLASSOUT;
MPRINT(EM_DIAGRAM):    proc sort data=WORK.Impt_DMDBCLASSOUT;
21511      by NAME;
MPRINT(EM_DIAGRAM):   by NAME;
21512      run;
MPRINT(EM_DIAGRAM):   run;

NOTE: There were 334 observations read from the data set WORK.IMPT_DMDBCLASSOUT.
NOTE: The data set WORK.IMPT_DMDBCLASSOUT has 334 observations and 9 variables.
NOTE: PROCEDURE SORT used (Total process time):
      real time           0.01 seconds
      cpu time            0.01 seconds
      

21513      data WORK.Impt_DMDBCLASSOUT;
MPRINT(EM_DIAGRAM):   data WORK.Impt_DMDBCLASSOUT;
21514      retain missFlag;
MPRINT(EM_DIAGRAM):   retain missFlag;
21515      set WORK.Impt_DMDBCLASSOUT;
MPRINT(EM_DIAGRAM):   set WORK.Impt_DMDBCLASSOUT;
21516      by NAME;
MPRINT(EM_DIAGRAM):   by NAME;
21517      output;
MPRINT(EM_DIAGRAM):   output;
21518      if first.name then missflag = 0;
MPRINT(EM_DIAGRAM):   if first.name then missflag = 0;
21519      if (TYPE='C' and CRAW='') or (TYPE='N' and NRAW=.) then missflag = 1;
MPRINT(EM_DIAGRAM):   if (TYPE='C' and CRAW='') or (TYPE='N' and NRAW=.) then missflag = 1;
21520      if last.name and ^missFlag then do;
MPRINT(EM_DIAGRAM):   if last.name and ^missFlag then do;
21521      if type = 'C' then do;
MPRINT(EM_DIAGRAM):   if type = 'C' then do;
21522      LEVEL= '';
MPRINT(EM_DIAGRAM):   LEVEL= '';
21523      CRAW = '';
MPRINT(EM_DIAGRAM):   CRAW = '';
21524      NRAW = .;
MPRINT(EM_DIAGRAM):   NRAW = .;
21525      end;
MPRINT(EM_DIAGRAM):   end;
21526      else do;
MPRINT(EM_DIAGRAM):   else do;
21527      LEVEL='.';
MPRINT(EM_DIAGRAM):   LEVEL='.';
21528      CRAW = '.';
MPRINT(EM_DIAGRAM):   CRAW = '.';
21529      NRAW= .;
MPRINT(EM_DIAGRAM):   NRAW= .;
21530      end;
MPRINT(EM_DIAGRAM):   end;
21531      FREQUENCY = 0;
MPRINT(EM_DIAGRAM):   FREQUENCY = 0;
21532      FREQPERCENT = 0;
MPRINT(EM_DIAGRAM):   FREQPERCENT = 0;
21533      NMISSPERCENT = 0;
MPRINT(EM_DIAGRAM):   NMISSPERCENT = 0;
21534      output;
MPRINT(EM_DIAGRAM):   output;
21535      end;
MPRINT(EM_DIAGRAM):   end;
21536      run;
MPRINT(EM_DIAGRAM):   run;

NOTE: There were 334 observations read from the data set WORK.IMPT_DMDBCLASSOUT.
NOTE: The data set WORK.IMPT_DMDBCLASSOUT has 336 observations and 10 variables.
NOTE: DATA statement used (Total process time):
      real time           0.01 seconds
      cpu time            0.01 seconds
      

21537      data WORK.Impt_MISS(KEEP=NAME NMISS PERCENTMISS);
MPRINT(EM_DIAGRAM):    data WORK.Impt_MISS(KEEP=NAME NMISS PERCENTMISS);
21538      length NAME $32;
MPRINT(EM_DIAGRAM):   length NAME $32;
21539      set
21540      WORK.Impt_DMDBCLASSOUT(rename=(freqpercent=PERCENTMISS frequency=NMISS) where=((TYPE='C' and CRAW='') or (TYPE='N' and NRAW=.)))
21541      WORK.IMPUTE_0ZSG7UJ_DMDBVAROUT
21542      ;
MPRINT(EM_DIAGRAM):   set WORK.Impt_DMDBCLASSOUT(rename=(freqpercent=PERCENTMISS frequency=NMISS) where=((TYPE='C' and CRAW='') or (TYPE='N' and NRAW=.))) WORK.IMPUTE_0ZSG7UJ_DMDBVAROUT ;
21543      if (NMISS ne . and N ne .) then PERCENTMISS = (NMISS/(NMISS+N))*100;
MPRINT(EM_DIAGRAM):   if (NMISS ne . and N ne .) then PERCENTMISS = (NMISS/(NMISS+N))*100;
21544      run;
MPRINT(EM_DIAGRAM):   run;

NOTE: There were 2 observations read from the data set WORK.IMPT_DMDBCLASSOUT.
      WHERE ((TYPE='C') and (CRAW=' ')) or ((TYPE='N') and (NRAW=.));
NOTE: There were 7 observations read from the data set WORK.IMPUTE_0ZSG7UJ_DMDBVAROUT.
NOTE: The data set WORK.IMPT_MISS has 9 observations and 3 variables.
NOTE: DATA statement used (Total process time):
      real time           0.01 seconds
      cpu time            0.01 seconds
      

21545      proc sort data=WORK.M2X_WUZV NOTHREADS;
MPRINT(EM_DIAGRAM):   proc sort data=WORK.M2X_WUZV NOTHREADS;
21546      by NAME;
MPRINT(EM_DIAGRAM):   by NAME;
21547      run;
MPRINT(EM_DIAGRAM):   run;

NOTE: There were 9 observations read from the data set WORK.M2X_WUZV.
NOTE: The data set WORK.M2X_WUZV has 9 observations and 23 variables.
NOTE: PROCEDURE SORT used (Total process time):
      real time           0.01 seconds
      cpu time            0.00 seconds
      

21548      proc sort data=WORK.Impt_MISS NOTHREADS;
MPRINT(EM_DIAGRAM):   proc sort data=WORK.Impt_MISS NOTHREADS;
21549      by NAME;
MPRINT(EM_DIAGRAM):   by NAME;
21550      run;
MPRINT(EM_DIAGRAM):   run;

NOTE: There were 9 observations read from the data set WORK.IMPT_MISS.
NOTE: The data set WORK.IMPT_MISS has 9 observations and 3 variables.
NOTE: PROCEDURE SORT used (Total process time):
      real time           0.01 seconds
      cpu time            0.01 seconds
      

21551      data WORK.M2X_WUZV;
MPRINT(EM_DIAGRAM):   data WORK.M2X_WUZV;
21552      merge WORK.M2X_WUZV WORK.Impt_MISS(in=_b);
MPRINT(EM_DIAGRAM):   merge WORK.M2X_WUZV WORK.Impt_MISS(in=_b);
21553      by NAME;
MPRINT(EM_DIAGRAM):   by NAME;
21554      if _b then output;
MPRINT(EM_DIAGRAM):   if _b then output;
21555      run;
MPRINT(EM_DIAGRAM):   run;

NOTE: There were 9 observations read from the data set WORK.M2X_WUZV.
NOTE: There were 9 observations read from the data set WORK.IMPT_MISS.
NOTE: The data set WORK.M2X_WUZV has 9 observations and 25 variables.
NOTE: DATA statement used (Total process time):
      real time           0.02 seconds
      cpu time            0.03 seconds
      

21556      data WORK.M2X_WUZV;
MPRINT(EM_DIAGRAM):   data WORK.M2X_WUZV;
21557      set WORK.M2X_WUZV;
MPRINT(EM_DIAGRAM):   set WORK.M2X_WUZV;
21558      if 0<PERCENTMISS<50 and method ne 'NONE' then IMPUTE = 1;
MPRINT(EM_DIAGRAM):   if 0<PERCENTMISS<50 and method ne 'NONE' then IMPUTE = 1;
21559      else IMPUTE = 0;
MPRINT(EM_DIAGRAM):   else IMPUTE = 0;
21560      run;
MPRINT(EM_DIAGRAM):   run;

NOTE: There were 9 observations read from the data set WORK.M2X_WUZV.
NOTE: The data set WORK.M2X_WUZV has 9 observations and 26 variables.
NOTE: DATA statement used (Total process time):
      real time           0.01 seconds
      cpu time            0.01 seconds
      

21561      proc dmdb data=WORK.M2X_WUZV outtable=WORK.NEWNAMES nameserver;
MPRINT(EM_DIAGRAM):    proc dmdb data=WORK.M2X_WUZV outtable=WORK.NEWNAMES nameserver;
21562      names NAME;
MPRINT(EM_DIAGRAM):   names NAME;
21563      prefix M_ IMP_;
MPRINT(EM_DIAGRAM):   prefix M_ IMP_;
21564      where IMPUTE=1;
MPRINT(EM_DIAGRAM):   where IMPUTE=1;
21565      run;
MPRINT(EM_DIAGRAM):   run;

NOTE: There were 0 observations read from the data set WORK.M2X_WUZV.
      WHERE IMPUTE=1;
NOTE: The data set WORK.NEWNAMES has 0 observations and 3 variables.
NOTE: PROCEDURE DMDB used (Total process time):
      real time           0.01 seconds
      cpu time            0.00 seconds
      

21566      data WORK.M2X_WUZV;
MPRINT(EM_DIAGRAM):   data WORK.M2X_WUZV;
21567      merge WORK.M2X_WUZV WORK.NEWNAMES;
MPRINT(EM_DIAGRAM):   merge WORK.M2X_WUZV WORK.NEWNAMES;
21568      by NAME;
MPRINT(EM_DIAGRAM):   by NAME;
21569      run;
MPRINT(EM_DIAGRAM):   run;

NOTE: There were 9 observations read from the data set WORK.M2X_WUZV.
NOTE: There were 0 observations read from the data set WORK.NEWNAMES.
NOTE: The data set WORK.M2X_WUZV has 9 observations and 28 variables.
NOTE: DATA statement used (Total process time):
      real time           0.02 seconds
      cpu time            0.01 seconds
      

21570      proc dmdb data=WORK.M2X_WUZV outtable=WORK.NEWNAMES nameserver;
MPRINT(EM_DIAGRAM):   proc dmdb data=WORK.M2X_WUZV outtable=WORK.NEWNAMES nameserver;
21571      names NAME;
MPRINT(EM_DIAGRAM):   names NAME;
21572      prefix M_;
MPRINT(EM_DIAGRAM):   prefix M_;
21573      where IMPUTE=0;
MPRINT(EM_DIAGRAM):   where IMPUTE=0;
21574      run;
MPRINT(EM_DIAGRAM):   run;

NOTE: There were 9 observations read from the data set WORK.M2X_WUZV.
      WHERE IMPUTE=0;
NOTE: The data set WORK.NEWNAMES has 9 observations and 2 variables.
NOTE: PROCEDURE DMDB used (Total process time):
      real time           0.01 seconds
      cpu time            0.01 seconds
      

21575      data WORK.M2X_WUZV;
MPRINT(EM_DIAGRAM):   data WORK.M2X_WUZV;
21576      merge WORK.M2X_WUZV WORK.NEWNAMES;
MPRINT(EM_DIAGRAM):   merge WORK.M2X_WUZV WORK.NEWNAMES;
21577      by NAME;
MPRINT(EM_DIAGRAM):   by NAME;
21578      run;
MPRINT(EM_DIAGRAM):   run;

NOTE: There were 9 observations read from the data set WORK.M2X_WUZV.
NOTE: There were 9 observations read from the data set WORK.NEWNAMES.
NOTE: The data set WORK.M2X_WUZV has 9 observations and 28 variables.
NOTE: DATA statement used (Total process time):
      real time           0.01 seconds
      cpu time            0.01 seconds
      

21579      data WORK.Impt;
MPRINT(EM_DIAGRAM):    data WORK.Impt;
21580      run;
MPRINT(EM_DIAGRAM):   run;

NOTE: The data set WORK.IMPT has 1 observations and 0 variables.
NOTE: DATA statement used (Total process time):
      real time           0.01 seconds
      cpu time            0.03 seconds
      

NOTE: View EMWS2.TRANS_TRAIN.VIEW used (Total process time):
      real time           0.02 seconds
      cpu time            0.03 seconds
      
21581      data EMWS2.Impt_META;
MPRINT(EM_DIAGRAM):    data EMWS2.Impt_META;
21582      set WORK.M2X_WUZV;
MPRINT(EM_DIAGRAM):   set WORK.M2X_WUZV;
21583      VALUE = .;
MPRINT(EM_DIAGRAM):   VALUE = .;
21584      run;
MPRINT(EM_DIAGRAM):   run;

NOTE: There were 9 observations read from the data set WORK.M2X_WUZV.
NOTE: The data set EMWS2.IMPT_META has 9 observations and 29 variables.
NOTE: DATA statement used (Total process time):
      real time           0.01 seconds
      cpu time            0.01 seconds
      

21585      proc print data=EMWS2.Impt_META(obs=500) label noobs;
MPRINT(EM_DIAGRAM):    proc print data=EMWS2.Impt_META(obs=500) label noobs;
21586      label NAME = "%sysfunc(sasmsg(sashelp.dmine, meta_name_vlabel,          NOQUOTE))" LABEL = "%sysfunc(sasmsg(sashelp.dmine, meta_label_vlabel,         NOQUOTE))" PERCENTMISS = "%sysfunc(sasmsg(sashelp.dmine, rpt_percentmissing_vlabel, NOQUOTE))";
MPRINT(EM_DIAGRAM):   label NAME = "Variable Name" LABEL = "Label" PERCENTMISS = "Percent Missing";
21587      var NAME LABEL PERCENTMISS;
MPRINT(EM_DIAGRAM):   var NAME LABEL PERCENTMISS;
21588      where IMP eq '' and PERCENTMISS>50;
MPRINT(EM_DIAGRAM):   where IMP eq '' and PERCENTMISS>50;
21589      title9 "%sysfunc(sasmsg(sashelp.dmine, rpt_rejectedsummary_title, NOQUOTE))";
MPRINT(EM_DIAGRAM):   title9 "Rejected Variables Summary";
21590      title10 "%sysfunc(sasmsg(sashelp.dmine, rpt_numberobs_title,         NOQUOTE))";
MPRINT(EM_DIAGRAM):   title10 "Number Of Observations";
MPRINT(EM_DIAGRAM):   run;
21591      run;

NOTE: No observations were selected from data set EMWS2.IMPT_META.
NOTE: There were 0 observations read from the data set EMWS2.IMPT_META.
      WHERE (IMP=' ') and (PERCENTMISS>50);
NOTE: PROCEDURE PRINT used (Total process time):
      real time           0.03 seconds
      cpu time            0.03 seconds
      

MPRINT(EM_DIAGRAM):    proc printto;
MPRINT(EM_DIAGRAM):   run;
