 
                                                                                                                                                                                                                                                                
 
 
Fit Statistics

Target=mpg Target Label=' '

   Fit
Statistics    Statistics Label                     Train    Validation

 _DFT_        Total Degrees of Freedom            318.00          .   
 _DFE_        Degrees of Freedom for Error        235.00          .   
 _DFM_        Model Degrees of Freedom             83.00          .   
 _NW_         Number of Estimated Weights          83.00          .   
 _AIC_        Akaike's Information Criterion      546.45          .   
 _SBC_        Schwarz's Bayesian Criterion        858.70          .   
 _ASE_        Average Squared Error                 3.31        16.52 
 _MAX_        Maximum Absolute Error                7.35        15.48 
 _DIV_        Divisor for ASE                     318.00        80.00 
 _NOBS_       Sum of Frequencies                  318.00        80.00 
 _RASE_       Root Average Squared Error            1.82         4.06 
 _SSE_        Sum of Squared Errors              1051.99      1321.65 
 _SUMW_       Sum of Case Weights Times Freq      318.00        80.00 
 _FPE_        Final Prediction Error                5.64          .   
 _MSE_        Mean Squared Error                    4.48        16.52 
 _RFPE_       Root Final Prediction Error           2.38          .   
 _RMSE_       Root Mean Squared Error               2.12         4.06 
 _AVERR_      Average Error Function                3.31        16.52 
 _ERR_        Error Function                     1051.99      1321.65 
 _MISC_       Misclassification Rate                 .            .   
 _WRONG_      Number of Wrong Classifications        .            .   
 
                                                                                                                                                                                                                                                                
 
 
Assessment Score Rankings

Data Role=TRAIN Target Variable=mpg Target Label=' '

           Number of       Mean        Mean
Depth    Observations     Target    Predicted

   5          16         38.1125     38.5600 
  10          16         35.1000     35.5583 
  15          16         34.2688     33.4792 
  20          16         32.6438     31.5796 
  25          16         30.4750     29.8829 
  30          16         27.2688     28.0162 
  35          16         26.4500     26.7681 
  40          16         26.3063     25.9997 
  45          16         24.9813     25.1245 
  50          15         23.6067     24.0307 
  55          16         22.3313     22.4272 
  60          16         20.4688     21.0203 
  65          16         19.5750     19.6919 
  70          16         18.5125     18.5400 
  75          16         17.6375     17.7375 
  80          16         16.9063     16.4618 
  85          16         14.7438     15.2459 
  90          16         14.5000     14.2296 
  95          16         13.6875     13.4275 
 100          15         12.2000     11.9785 


Data Role=VALIDATE Target Variable=mpg Target Label=' '

           Number of       Mean        Mean
Depth    Observations     Target    Predicted

   5           4         38.8500     37.1303 
  10           4         37.1000     34.6480 
  15           4         31.0500     32.8551 
  20           4         30.2500     31.2063 
  25           4         28.7250     29.5239 
  30           4         27.2500     28.7022 
  35           4         26.9750     26.5440 
  40           4         23.1000     25.0833 
  45          13         21.9077     23.6803 
  60           3         20.9333     22.6050 
  65           4         19.9000     21.0706 
  70           4         20.3500     19.8085 
  75           4         19.1250     18.8340 
  80           4         19.3500     18.2628 
  85           4         18.7500     16.6614 
  90           4         15.6250     15.2056 
  95           4         14.0000     13.8519 
 100           4         12.2500     12.7274 
 
                                                                                                                                                                                                                                                                
 
 
Assessment Score Distribution

Data Role=TRAIN Target Variable=mpg Target Label=' '

   Range for          Mean        Mean        Number of      Model
   Predicted         Target    Predicted    Observations     Score

42.680 -  44.385    43.7000     43.7311           2         43.5324
39.269 -  40.974    41.8000     39.7981           2         40.1214
37.563 -  39.269    37.8000     38.1353           5         38.4158
35.858 -  37.563    36.2667     36.6542          15         36.7103
34.152 -  35.858    33.7222     34.7335           9         35.0047
32.446 -  34.152    34.1467     33.4273          15         33.2992
30.741 -  32.446    32.6059     31.5365          17         31.5937
29.035 -  30.741    30.4308     29.9530          13         29.8881
27.330 -  29.035    27.4368     28.0794          19         28.1826
25.624 -  27.330    26.3938     26.3299          32         26.4771
23.919 -  25.624    24.4520     24.7444          25         24.7715
22.213 -  23.919    22.6750     22.9681          16         23.0660
20.508 -  22.213    20.8000     21.2706          20         21.3604
18.802 -  20.508    19.6286     19.5778          21         19.6549
17.097 -  18.802    17.9429     18.0301          28         17.9494
15.391 -  17.097    16.6091     16.2461          22         16.2438
13.686 -  15.391    14.3214     14.4684          28         14.5383
11.980 -  13.686    13.2609     13.0925          23         12.8327
10.274 -  11.980    11.5000     10.9765           6         11.1272


Data Role=VALIDATE Target Variable=mpg Target Label=' '

   Range for          Mean        Mean        Number of      Model
   Predicted         Target    Predicted    Observations     Score

37.366 -  38.685    43.7000     38.4654           2         38.0255
36.046 -  37.366    36.0000     36.3161           1         36.7057
34.726 -  36.046    34.9333     35.0309           3         35.3858
33.406 -  34.726    36.1333     34.1099           3         34.0659
32.086 -  33.406    30.3500     32.5574           4         32.7461
30.766 -  32.086    32.0000     32.0710           1         31.4262
29.446 -  30.766    28.1250     29.9380           4         30.1063
28.127 -  29.446    28.4000     28.9236           6         28.7864
26.807 -  28.127    26.8000     27.6615           1         27.4666
25.487 -  26.807    25.5500     26.0256           4         26.1467
24.167 -  25.487    23.8600     24.6897           5         24.8268
22.847 -  24.167    21.6500     23.5467          12         23.5070
21.527 -  22.847    18.8500     22.0375           4         22.1871
20.207 -  21.527    22.0000     20.6376           1         20.8672
18.887 -  20.207    20.3429     19.5979           7         19.5474
17.568 -  18.887    19.1500     18.3876           6         18.2275
16.248 -  17.568    19.0000     16.8917           3         16.9076
14.928 -  16.248    16.1250     15.5423           4         15.5878
13.608 -  14.928    14.7500     14.2189           4         14.2679
12.288 -  13.608    12.4000     12.8131           5         12.9480
