 
                                                                                                                                                                                                                                                                
 
 
Variable Summary

          Measurement    Frequency
 Role        Level         Count

INPUT      INTERVAL          5    
INPUT      NOMINAL           1    
TARGET     INTERVAL          1    
 
                                                                                                                                                                                                                                                                
 
 
Predicted and decision variables

Type         Variable        Label

TARGET        mpg                      
PREDICTED     P_mpg      Predicted: mpg
RESIDUAL      R_mpg      Residual: mpg 
 
                                                                                                                                                                                                                                                                
 
 

The NEURAL Procedure

Preliminary       Starting         Objective         Number
 Training          Random           Function           of        Terminating
    Run             Seed             Value         Iterations     Criteria

        1               12345    4.419704939594           10                
        2          1358840789    4.332505590055           10                
        3          1023729404    4.064256391696           10                
        4           781996371    4.510600453067           10                
        5          1390057497    4.328793477182           10                
 
                                                                                                                                                                                                                                                                
 
 

The NEURAL Procedure

                   Optimization Start
                   Parameter Estimates
                                                Gradient
                                               Objective
  N Parameter                   Estimate        Function

  1 PWR_displacement_H11        0.676186        0.193824
  2 SQRT_weight_H11             0.072203        0.213624
  3 acceleration_H11            0.159625        0.003629
  4 model_H11                  -1.001403        0.244490
  5 origin_H11                  0.215485       -0.182303
  6 PWR_displacement_H12        2.114973       -0.225179
  7 SQRT_weight_H12            -1.359077       -0.343319
  8 acceleration_H12            0.395548       -0.111867
  9 model_H12                   0.635168       -0.463481
 10 origin_H12                  2.562719        0.067267
 11 PWR_displacement_H13       -1.542245       -0.072959
 12 SQRT_weight_H13             1.905392       -0.190552
 13 acceleration_H13            0.398564       -0.034321
 14 model_H13                  -0.138053        0.152107
 15 origin_H13                 -1.977011        0.069445
 16 PWR_displacement_H14        1.190023       -0.109301
 17 SQRT_weight_H14            -1.706025       -0.188044
 18 acceleration_H14           -0.397651       -0.024985
 19 model_H14                  -1.153876        0.119174
 20 origin_H14                  0.684125        0.115564
 21 PWR_displacement_H15       -2.700315        0.263943
 22 SQRT_weight_H15            -0.007535        0.326397
 23 acceleration_H15           -0.984210       -0.018793
 24 model_H15                   0.046661        0.024752
 25 origin_H15                 -0.026922       -0.353066
 26 G_horsepower0_H11          -0.235721        0.012802
 27 G_horsepower1_H11          -1.175096        0.020818
 28 G_horsepower2_H11           1.029715        0.014759
 29 G_horsepower3_H11          -1.238276       -0.048338
 30 G_horsepower4_H11           0.207147       -0.085951
 31 G_horsepower5_H11           0.189772       -0.013505
 32 G_horsepower6_H11          -0.781991       -0.001768
 33 G_horsepower0_H12          -0.233963       -0.010516
 34 G_horsepower1_H12          -0.583178       -0.050216
 35 G_horsepower2_H12           1.035186       -0.016309
 36 G_horsepower3_H12          -0.675062       -0.081069
 37 G_horsepower4_H12          -0.099583        0.061367
 38 G_horsepower5_H12           0.431629       -0.004210
 39 G_horsepower6_H12          -0.138681        0.032710
 40 G_horsepower0_H13          -0.886844       -0.088396
 41 G_horsepower1_H13          -0.691309        0.014564
 42 G_horsepower2_H13          -1.824176       -0.010378
 43 G_horsepower3_H13           0.348650       -0.008225
 44 G_horsepower4_H13           0.856677        0.075055
 45 G_horsepower5_H13          -0.110096        0.014510
 46 G_horsepower6_H13           0.896974        0.034919
 47 G_horsepower0_H14          -0.135164       -0.047697
 48 G_horsepower1_H14           0.745900       -0.053604
 49 G_horsepower2_H14           1.551870       -0.017920
 50 G_horsepower3_H14           0.092695       -0.045877
 51 G_horsepower4_H14          -1.266182        0.072783
 52 G_horsepower5_H14           0.528500        0.021794
 53 G_horsepower6_H14          -1.030490        0.051445
 54 G_horsepower0_H15          -0.215391       -0.001768
 55 G_horsepower1_H15           0.527438       -0.025537
 56 G_horsepower2_H15           0.300055       -0.048120
 57 G_horsepower3_H15           0.830490        0.024547
 58 G_horsepower4_H15          -0.563250       -0.192759
 59 G_horsepower5_H15          -0.148703        0.025627
 60 G_horsepower6_H15          -0.713350       -0.079068
 61 BIAS_H11                   -1.053819       -0.093030
 62 BIAS_H12                    1.970936       -0.068273
 63 BIAS_H13                   -1.292371        0.002663
 64 BIAS_H14                    0.935501       -0.025754
 65 BIAS_H15                   -1.513930       -0.281604
 66 H11_mpg                     1.847398       -0.055860
 67 H12_mpg                    -4.719623       -0.096709
 68 H13_mpg                    -4.774850        0.195693
 69 H14_mpg                    -3.175066       -0.124117
 70 H15_mpg                     3.471952       -0.080340
 71 PWR_displacement_mpg        2.882858        0.093853
 72 SQRT_weight_mpg            -2.922393        0.179534
 73 acceleration_mpg            1.564308        0.036428
 74 model_mpg                   2.724584        0.179758
 75 origin_mpg                  0.808272       -0.206732
 76 G_horsepower0_mpg          -8.584246        0.004702
 77 G_horsepower1_mpg          -4.623844        0.004264
 78 G_horsepower2_mpg          -3.368745       -0.010592
 79 G_horsepower3_mpg          -1.224805        0.000229
 80 G_horsepower4_mpg           0.903875       -0.052488
 81 G_horsepower5_mpg           2.130834       -0.003714
 82 G_horsepower6_mpg           3.252409       -0.023000
 83 BIAS_mpg                   29.644335       -0.074106

Value of Objective Function = 4.0642563917

 
                                                                                                                                                                                                                                                                
 
 

The NEURAL Procedure

Levenberg-Marquardt Optimization


Minimum Iterations                                0
Maximum Iterations                               50
Maximum Function Calls                   2147483647
Maximum CPU Time                              14400
ABSGCONV Gradient Criterion                 0.00001
GCONV Gradient Criterion                       1E-8
GCONV2 Gradient Criterion                         0
ABSFCONV Function Criterion                       0
FCONV Function Criterion                     0.0001
FCONV2 Function Criterion                         0
FSIZE Parameter                                   0
ABSXCONV Parameter Change Criterion               0
XCONV Parameter Change Criterion                  0
XSIZE Parameter                                   0
ABSCONV Function Criterion             0.0606909097
Trust Region Initial Radius Factor                1
Singularity Tolerance (SINGULAR)               1E-8

Levenberg-Marquardt Optimization

Scaling Update of More (1978)

Parameter Estimates              83

                                             Optimization Start

Active Constraints                                  0  Objective Function                       4.0642563917
Max Abs Gradient Element                 0.4634810594  Radius                                    3.227127587


                                                                                                         Ratio
                                                                                                       Between
                                                                                                        Actual
                                                                 Objective     Max Abs                     and
                     Function         Active        Objective     Function    Gradient               Predicted
Iter     Restarts       Calls    Constraints         Function       Change     Element     Lambda       Change

   1*           0           3              0          3.87437       0.1899      0.2356      0.241        1.006
   2*           0           4              0          3.69232       0.1820      0.1201     0.0379        1.054
   3*           0           5              0          3.52184       0.1705      0.2839    0.00728        1.087
   4*           0           7              0          3.44014       0.0817      0.2201    0.00478        0.679
   5*           0           9              0          3.41781       0.0223      0.1866     0.0283        0.248
   6*           0          11              0          3.39090       0.0269      0.1334      0.149        0.449
   7*           0          13              0          3.38360      0.00730      0.1082      0.153        0.343
   8*           0          14              0          3.37905      0.00455      0.0704      0.166        0.329
   9*           0          15              0          3.37629      0.00276      0.0770     0.0934        0.295
  10*           0          16              0          3.37365      0.00264      0.0611      0.129        0.269
  11*           0          17              0          3.37163      0.00202      0.0741     0.0911        0.237
  12*           0          18              0          3.36950      0.00213      0.0608      0.121        0.227
  13*           0          19              0          3.36777      0.00173      0.0754     0.0926        0.199
  14*           0          20              0          3.36586      0.00191      0.0622      0.119        0.199
  15*           0          21              0          3.36425      0.00161      0.0772     0.0943        0.178
  16*           0          22              0          3.36248      0.00177      0.0636      0.118        0.180
  17*           0          23              0          3.36091      0.00157      0.0786     0.0960        0.168
  18*           0          24              0          3.35922      0.00168      0.0648      0.117        0.167
  19*           0          25              0          3.35765      0.00157      0.0797     0.0977        0.163
  20*           0          26              0          3.35603      0.00162      0.0657      0.116        0.157
  21*           0          27              0          3.35443      0.00161      0.0805     0.0995        0.162
  22*           0          28              0          3.35285      0.00158      0.0665      0.116        0.151
  23*           0          29              0          3.35118      0.00167      0.0811      0.101        0.164
  24*           0          30              0          3.34962      0.00156      0.0670      0.115        0.146
  25*           0          31              0          3.34788      0.00175      0.0814      0.103        0.167
  26*           0          32              0          3.34633      0.00155      0.0673      0.115        0.144
  27*           0          33              0          3.34451      0.00182      0.0815      0.105        0.170
  28*           0          34              0          3.34297      0.00154      0.0675      0.115        0.142
  29*           0          35              0          3.34111      0.00186      0.0816      0.106        0.170
  30*           0          36              0          3.33959      0.00152      0.0678      0.114        0.138
  31*           0          37              0          3.33774      0.00185      0.0820      0.107        0.167
  32*           0          38              0          3.33626      0.00147      0.0684      0.115        0.132
  33*           0          39              0          3.33445      0.00182      0.0829      0.108        0.161
  34*           0          40              0          3.33302      0.00143      0.0694      0.115        0.126
  35*           0          41              0          3.33124      0.00178      0.0840      0.109        0.154
  36*           0          42              0          3.32984      0.00140      0.0706      0.117        0.120
  37*           0          43              0          3.32810      0.00174      0.0855      0.110        0.147
  38*           0          44              0          3.32672      0.00138      0.0719      0.118        0.116
  39*           0          45              0          3.32500      0.00172      0.0870      0.111        0.142
  40*           0          46              0          3.32361      0.00139      0.0732      0.120        0.113
  41*           0          47              0          3.32188      0.00173      0.0884      0.113        0.140
  42*           0          48              0          3.32049      0.00140      0.0743      0.121        0.111
  43*           0          49              0          3.31823      0.00226      0.0827      0.132        0.187
  44*           0          50              0          3.31708      0.00115      0.0714      0.111        0.102
  45*           0          51              0          3.31530      0.00178      0.0880      0.115        0.144
  46*           0          52              0          3.31395      0.00134      0.0746      0.119        0.107
  47*           0          53              0          3.31156      0.00240      0.0831      0.136        0.194
  48*           0          54              0          3.31038      0.00118      0.0719      0.110        0.103
  49*           0          55              0          3.30813      0.00225      0.0844      0.129        0.182
  50*           0          56              0          3.30671      0.00143      0.0711      0.119        0.123

                                            Optimization Results

Iterations                                         50  Function Calls                                     58
Jacobian Calls                                     52  Active Constraints                                  0
Objective Function                       3.3067050438  Max Abs Gradient Element                 0.0711468438
Lambda                                   0.1187787274  Actual Over Pred Change                   0.123058199
Radius                                   0.2145275451                                                       

LEVMAR needs more than 50 iterations or 2147483647 function calls.                                

WARNING: LEVMAR Optimization cannot be completed.

 
                                                                                                                                                                                                                                                                
 
 

The NEURAL Procedure

                  Optimization Results
                   Parameter Estimates
                                                Gradient
                                               Objective
  N Parameter                   Estimate        Function

  1 PWR_displacement_H11       -0.217142        0.011842
  2 SQRT_weight_H11             0.299684        0.004382
  3 acceleration_H11           -0.080371       -0.001999
  4 model_H11                  -1.566699        0.000664
  5 origin_H11                 -0.552418       -0.001718
  6 PWR_displacement_H12        4.956869       -0.004655
  7 SQRT_weight_H12            -3.023762       -0.000678
  8 acceleration_H12            0.416007        0.005327
  9 model_H12                   0.989361        0.006282
 10 origin_H12                  5.106605       -0.000715
 11 PWR_displacement_H13       -1.538989       -0.005289
 12 SQRT_weight_H13             2.092685       -0.004958
 13 acceleration_H13            0.637040        0.001070
 14 model_H13                  -0.495123       -0.003029
 15 origin_H13                 -2.471525        0.002236
 16 PWR_displacement_H14        2.053608        0.071147
 17 SQRT_weight_H14            -2.897865        0.060241
 18 acceleration_H14           -0.383260       -0.041304
 19 model_H14                  -2.657689       -0.025884
 20 origin_H14                  2.728860       -0.066972
 21 PWR_displacement_H15       -4.499109        0.039923
 22 SQRT_weight_H15         -0.000038280        0.032393
 23 acceleration_H15           -1.924490       -0.021406
 24 model_H15                   0.279298       -0.029987
 25 origin_H15                 -0.009471       -0.056685
 26 G_horsepower0_H11          -0.321349       -0.000892
 27 G_horsepower1_H11          -2.114332       -0.000784
 28 G_horsepower2_H11           0.242487       -0.000723
 29 G_horsepower3_H11          -0.199094       -0.001945
 30 G_horsepower4_H11          -0.189634       -0.005311
 31 G_horsepower5_H11           0.177042       -0.002411
 32 G_horsepower6_H11          -0.309949       -0.001713
 33 G_horsepower0_H12          -1.057382       -0.001396
 34 G_horsepower1_H12          -1.340878        0.000253
 35 G_horsepower2_H12           2.539450       -0.000716
 36 G_horsepower3_H12          -0.885662       -0.000237
 37 G_horsepower4_H12          -0.039752        0.000508
 38 G_horsepower5_H12           1.715234       -0.001105
 39 G_horsepower6_H12           0.496931        0.001536
 40 G_horsepower0_H13          -1.115543        0.002597
 41 G_horsepower1_H13          -1.284127        0.000474
 42 G_horsepower2_H13          -2.939531        0.001085
 43 G_horsepower3_H13           0.278352        0.000965
 44 G_horsepower4_H13           1.290731       -0.001461
 45 G_horsepower5_H13           0.434616       -0.000701
 46 G_horsepower6_H13           0.944669        0.003063
 47 G_horsepower0_H14           0.670004        0.008229
 48 G_horsepower1_H14           5.040509       -0.002906
 49 G_horsepower2_H14           3.139522       -0.000665
 50 G_horsepower3_H14          -0.455571        0.002329
 51 G_horsepower4_H14          -2.523265       -0.018204
 52 G_horsepower5_H14          -0.203181       -0.001521
 53 G_horsepower6_H14          -4.100061       -0.017622
 54 G_horsepower0_H15          -0.837169       -0.000280
 55 G_horsepower1_H15           0.337815       -0.002316
 56 G_horsepower2_H15           1.509846       -0.003951
 57 G_horsepower3_H15           0.290665       -0.001444
 58 G_horsepower4_H15          -0.396616       -0.000301
 59 G_horsepower5_H15          -0.577545       -0.005014
 60 G_horsepower6_H15          -1.334270       -0.015513
 61 BIAS_H11                   -1.246616       -0.004513
 62 BIAS_H12                    3.552453       -0.001159
 63 BIAS_H13                   -1.586324        0.001349
 64 BIAS_H14                    1.587630       -0.037781
 65 BIAS_H15                   -2.463774       -0.026146
 66 H11_mpg                     4.349426        0.002500
 67 H12_mpg                    -3.552540       -0.000609
 68 H13_mpg                    -5.145975       -0.000620
 69 H14_mpg                    -2.808485        0.002226
 70 H15_mpg                     2.871719        0.001806
 71 PWR_displacement_mpg        3.250408        0.003090
 72 SQRT_weight_mpg            -2.662771        0.001534
 73 acceleration_mpg            1.923534       -0.002985
 74 model_mpg                   3.063790        0.000855
 75 origin_mpg                  1.634755       -0.003565
 76 G_horsepower0_mpg          -9.028237        0.002558
 77 G_horsepower1_mpg          -2.857562        0.000385
 78 G_horsepower2_mpg          -4.842966        0.001091
 79 G_horsepower3_mpg          -1.173736       -0.002210
 80 G_horsepower4_mpg           1.250255        0.000206
 81 G_horsepower5_mpg           2.128984       -0.003666
 82 G_horsepower6_mpg           2.944047       -0.000221
 83 BIAS_mpg                   29.680560       -0.000785

Value of Objective Function = 3.3067050438

